{"/Users/swapnilshrivastava/Projects/GameTime/src/components/ConnectionsGrid.tsx": {"path":"/Users/swapnilshrivastava/Projects/GameTime/src/components/ConnectionsGrid.tsx","statementMap":{"0":{"start":{"line":15,"column":13},"end":{"line":271,"column":null}},"1":{"start":{"line":21,"column":28},"end":{"line":21,"column":null}},"2":{"start":{"line":22,"column":44},"end":{"line":22,"column":null}},"3":{"start":{"line":23,"column":42},"end":{"line":23,"column":null}},"4":{"start":{"line":24,"column":42},"end":{"line":24,"column":null}},"5":{"start":{"line":25,"column":58},"end":{"line":25,"column":null}},"6":{"start":{"line":26,"column":32},"end":{"line":26,"column":null}},"7":{"start":{"line":28,"column":21},"end":{"line":28,"column":null}},"8":{"start":{"line":30,"column":2},"end":{"line":34,"column":null}},"9":{"start":{"line":31,"column":4},"end":{"line":33,"column":null}},"10":{"start":{"line":32,"column":6},"end":{"line":32,"column":null}},"11":{"start":{"line":32,"column":30},"end":{"line":32,"column":null}},"12":{"start":{"line":36,"column":8},"end":{"line":39,"column":null}},"13":{"start":{"line":37,"column":4},"end":{"line":37,"column":null}},"14":{"start":{"line":37,"column":28},"end":{"line":37,"column":null}},"15":{"start":{"line":38,"column":4},"end":{"line":38,"column":null}},"16":{"start":{"line":41,"column":123},"end":{"line":46,"column":null}},"17":{"start":{"line":49,"column":25},"end":{"line":49,"column":null}},"18":{"start":{"line":50,"column":41},"end":{"line":50,"column":null}},"19":{"start":{"line":52,"column":2},"end":{"line":61,"column":null}},"20":{"start":{"line":53,"column":18},"end":{"line":53,"column":null}},"21":{"start":{"line":54,"column":18},"end":{"line":54,"column":null}},"22":{"start":{"line":55,"column":22},"end":{"line":57,"column":null}},"23":{"start":{"line":56,"column":13},"end":{"line":56,"column":null}},"24":{"start":{"line":58,"column":4},"end":{"line":60,"column":null}},"25":{"start":{"line":63,"column":8},"end":{"line":73,"column":null}},"26":{"start":{"line":64,"column":4},"end":{"line":72,"column":null}},"27":{"start":{"line":65,"column":6},"end":{"line":65,"column":null}},"28":{"start":{"line":65,"column":33},"end":{"line":65,"column":63}},"29":{"start":{"line":65,"column":52},"end":{"line":65,"column":62}},"30":{"start":{"line":66,"column":6},"end":{"line":66,"column":null}},"31":{"start":{"line":68,"column":6},"end":{"line":71,"column":null}},"32":{"start":{"line":69,"column":8},"end":{"line":69,"column":null}},"33":{"start":{"line":69,"column":35},"end":{"line":69,"column":50}},"34":{"start":{"line":70,"column":8},"end":{"line":70,"column":null}},"35":{"start":{"line":75,"column":8},"end":{"line":84,"column":null}},"36":{"start":{"line":76,"column":4},"end":{"line":76,"column":null}},"37":{"start":{"line":77,"column":29},"end":{"line":77,"column":null}},"38":{"start":{"line":77,"column":49},"end":{"line":77,"column":95}},"39":{"start":{"line":77,"column":75},"end":{"line":77,"column":94}},"40":{"start":{"line":78,"column":21},"end":{"line":78,"column":null}},"41":{"start":{"line":79,"column":4},"end":{"line":82,"column":null}},"42":{"start":{"line":79,"column":17},"end":{"line":79,"column":38}},"43":{"start":{"line":80,"column":16},"end":{"line":80,"column":null}},"44":{"start":{"line":81,"column":6},"end":{"line":81,"column":null}},"45":{"start":{"line":83,"column":4},"end":{"line":83,"column":null}},"46":{"start":{"line":86,"column":8},"end":{"line":89,"column":null}},"47":{"start":{"line":87,"column":4},"end":{"line":87,"column":null}},"48":{"start":{"line":88,"column":4},"end":{"line":88,"column":null}},"49":{"start":{"line":91,"column":8},"end":{"line":150,"column":null}},"50":{"start":{"line":92,"column":4},"end":{"line":92,"column":null}},"51":{"start":{"line":92,"column":36},"end":{"line":92,"column":null}},"52":{"start":{"line":94,"column":26},"end":{"line":97,"column":null}},"53":{"start":{"line":95,"column":25},"end":{"line":95,"column":null}},"54":{"start":{"line":96,"column":6},"end":{"line":96,"column":null}},"55":{"start":{"line":96,"column":40},"end":{"line":96,"column":57}},"56":{"start":{"line":99,"column":4},"end":{"line":149,"column":null}},"57":{"start":{"line":99,"column":51},"end":{"line":99,"column":98}},"58":{"start":{"line":100,"column":6},"end":{"line":100,"column":null}},"59":{"start":{"line":101,"column":25},"end":{"line":101,"column":null}},"60":{"start":{"line":102,"column":6},"end":{"line":102,"column":null}},"61":{"start":{"line":104,"column":23},"end":{"line":104,"column":null}},"62":{"start":{"line":105,"column":6},"end":{"line":105,"column":null}},"63":{"start":{"line":105,"column":40},"end":{"line":105,"column":59}},"64":{"start":{"line":107,"column":6},"end":{"line":107,"column":null}},"65":{"start":{"line":108,"column":6},"end":{"line":108,"column":null}},"66":{"start":{"line":110,"column":6},"end":{"line":121,"column":null}},"67":{"start":{"line":111,"column":8},"end":{"line":111,"column":null}},"68":{"start":{"line":112,"column":8},"end":{"line":112,"column":null}},"69":{"start":{"line":114,"column":22},"end":{"line":114,"column":null}},"70":{"start":{"line":115,"column":22},"end":{"line":115,"column":null}},"71":{"start":{"line":116,"column":26},"end":{"line":116,"column":null}},"72":{"start":{"line":118,"column":8},"end":{"line":120,"column":null}},"73":{"start":{"line":119,"column":10},"end":{"line":119,"column":null}},"74":{"start":{"line":123,"column":6},"end":{"line":123,"column":null}},"75":{"start":{"line":125,"column":22},"end":{"line":125,"column":null}},"76":{"start":{"line":126,"column":6},"end":{"line":130,"column":null}},"77":{"start":{"line":127,"column":27},"end":{"line":127,"column":null}},"78":{"start":{"line":128,"column":27},"end":{"line":128,"column":null}},"79":{"start":{"line":128,"column":55},"end":{"line":128,"column":72}},"80":{"start":{"line":129,"column":8},"end":{"line":129,"column":null}},"81":{"start":{"line":129,"column":30},"end":{"line":129,"column":null}},"82":{"start":{"line":132,"column":27},"end":{"line":132,"column":null}},"83":{"start":{"line":133,"column":6},"end":{"line":133,"column":null}},"84":{"start":{"line":135,"column":28},"end":{"line":135,"column":null}},"85":{"start":{"line":136,"column":6},"end":{"line":136,"column":null}},"86":{"start":{"line":136,"column":40},"end":{"line":136,"column":64}},"87":{"start":{"line":138,"column":6},"end":{"line":142,"column":null}},"88":{"start":{"line":139,"column":8},"end":{"line":139,"column":null}},"89":{"start":{"line":141,"column":8},"end":{"line":141,"column":null}},"90":{"start":{"line":144,"column":6},"end":{"line":148,"column":null}},"91":{"start":{"line":145,"column":8},"end":{"line":147,"column":null}},"92":{"start":{"line":146,"column":10},"end":{"line":146,"column":null}},"93":{"start":{"line":152,"column":25},"end":{"line":152,"column":null}},"94":{"start":{"line":152,"column":45},"end":{"line":152,"column":91}},"95":{"start":{"line":152,"column":71},"end":{"line":152,"column":90}},"96":{"start":{"line":154,"column":2},"end":{"line":269,"column":null}},"97":{"start":{"line":176,"column":12},"end":{"line":181,"column":null}},"98":{"start":{"line":204,"column":24},"end":{"line":204,"column":null}},"99":{"start":{"line":205,"column":10},"end":{"line":216,"column":null}},"100":{"start":{"line":225,"column":31},"end":{"line":225,"column":null}},"101":{"start":{"line":227,"column":12},"end":{"line":238,"column":null}},"102":{"start":{"line":230,"column":31},"end":{"line":230,"column":null}}},"fnMap":{"0":{"name":"(anonymous_0)","decl":{"start":{"line":15,"column":13},"end":{"line":15,"column":64}},"loc":{"start":{"line":20,"column":6},"end":{"line":271,"column":null}},"line":20},"1":{"name":"(anonymous_1)","decl":{"start":{"line":30,"column":2},"end":{"line":30,"column":18}},"loc":{"start":{"line":30,"column":18},"end":{"line":34,"column":5}},"line":30},"2":{"name":"(anonymous_2)","decl":{"start":{"line":31,"column":4},"end":{"line":31,"column":17}},"loc":{"start":{"line":31,"column":17},"end":{"line":33,"column":null}},"line":31},"3":{"name":"(anonymous_3)","decl":{"start":{"line":36,"column":8},"end":{"line":36,"column":32}},"loc":{"start":{"line":36,"column":32},"end":{"line":39,"column":null}},"line":36},"4":{"name":"(anonymous_4)","decl":{"start":{"line":55,"column":36},"end":{"line":55,"column":null}},"loc":{"start":{"line":56,"column":13},"end":{"line":56,"column":null}},"line":56},"5":{"name":"(anonymous_5)","decl":{"start":{"line":63,"column":8},"end":{"line":63,"column":27}},"loc":{"start":{"line":63,"column":44},"end":{"line":73,"column":null}},"line":63},"6":{"name":"(anonymous_6)","decl":{"start":{"line":65,"column":6},"end":{"line":65,"column":24}},"loc":{"start":{"line":65,"column":33},"end":{"line":65,"column":63}},"line":65},"7":{"name":"(anonymous_7)","decl":{"start":{"line":65,"column":38},"end":{"line":65,"column":46}},"loc":{"start":{"line":65,"column":52},"end":{"line":65,"column":62}},"line":65},"8":{"name":"(anonymous_8)","decl":{"start":{"line":69,"column":8},"end":{"line":69,"column":26}},"loc":{"start":{"line":69,"column":35},"end":{"line":69,"column":50}},"line":69},"9":{"name":"(anonymous_9)","decl":{"start":{"line":75,"column":8},"end":{"line":75,"column":30}},"loc":{"start":{"line":75,"column":30},"end":{"line":84,"column":null}},"line":75},"10":{"name":"(anonymous_10)","decl":{"start":{"line":77,"column":35},"end":{"line":77,"column":43}},"loc":{"start":{"line":77,"column":49},"end":{"line":77,"column":95}},"line":77},"11":{"name":"(anonymous_11)","decl":{"start":{"line":77,"column":63},"end":{"line":77,"column":69}},"loc":{"start":{"line":77,"column":75},"end":{"line":77,"column":94}},"line":77},"12":{"name":"(anonymous_12)","decl":{"start":{"line":86,"column":8},"end":{"line":86,"column":34}},"loc":{"start":{"line":86,"column":34},"end":{"line":89,"column":null}},"line":86},"13":{"name":"(anonymous_13)","decl":{"start":{"line":91,"column":8},"end":{"line":91,"column":29}},"loc":{"start":{"line":91,"column":29},"end":{"line":150,"column":null}},"line":91},"14":{"name":"(anonymous_14)","decl":{"start":{"line":94,"column":40},"end":{"line":94,"column":46}},"loc":{"start":{"line":94,"column":56},"end":{"line":97,"column":5}},"line":94},"15":{"name":"(anonymous_15)","decl":{"start":{"line":96,"column":27},"end":{"line":96,"column":34}},"loc":{"start":{"line":96,"column":40},"end":{"line":96,"column":57}},"line":96},"16":{"name":"(anonymous_16)","decl":{"start":{"line":99,"column":39},"end":{"line":99,"column":45}},"loc":{"start":{"line":99,"column":51},"end":{"line":99,"column":98}},"line":99},"17":{"name":"(anonymous_17)","decl":{"start":{"line":105,"column":6},"end":{"line":105,"column":31}},"loc":{"start":{"line":105,"column":40},"end":{"line":105,"column":59}},"line":105},"18":{"name":"(anonymous_18)","decl":{"start":{"line":118,"column":29},"end":{"line":118,"column":46}},"loc":{"start":{"line":118,"column":46},"end":{"line":120,"column":11}},"line":118},"19":{"name":"(anonymous_19)","decl":{"start":{"line":126,"column":20},"end":{"line":126,"column":29}},"loc":{"start":{"line":126,"column":39},"end":{"line":130,"column":7}},"line":126},"20":{"name":"(anonymous_20)","decl":{"start":{"line":128,"column":41},"end":{"line":128,"column":49}},"loc":{"start":{"line":128,"column":55},"end":{"line":128,"column":72}},"line":128},"21":{"name":"(anonymous_21)","decl":{"start":{"line":136,"column":6},"end":{"line":136,"column":31}},"loc":{"start":{"line":136,"column":40},"end":{"line":136,"column":64}},"line":136},"22":{"name":"(anonymous_22)","decl":{"start":{"line":145,"column":29},"end":{"line":145,"column":46}},"loc":{"start":{"line":145,"column":46},"end":{"line":147,"column":11}},"line":145},"23":{"name":"(anonymous_23)","decl":{"start":{"line":152,"column":31},"end":{"line":152,"column":39}},"loc":{"start":{"line":152,"column":45},"end":{"line":152,"column":91}},"line":152},"24":{"name":"(anonymous_24)","decl":{"start":{"line":152,"column":59},"end":{"line":152,"column":65}},"loc":{"start":{"line":152,"column":71},"end":{"line":152,"column":90}},"line":152},"25":{"name":"(anonymous_25)","decl":{"start":{"line":175,"column":37},"end":{"line":175,"column":42}},"loc":{"start":{"line":176,"column":12},"end":{"line":181,"column":null}},"line":176},"26":{"name":"(anonymous_26)","decl":{"start":{"line":203,"column":22},"end":{"line":203,"column":27}},"loc":{"start":{"line":203,"column":42},"end":{"line":218,"column":9}},"line":203},"27":{"name":"(anonymous_27)","decl":{"start":{"line":224,"column":26},"end":{"line":224,"column":31}},"loc":{"start":{"line":224,"column":40},"end":{"line":240,"column":11}},"line":224},"28":{"name":"(anonymous_28)","decl":{"start":{"line":230,"column":16},"end":{"line":230,"column":31}},"loc":{"start":{"line":230,"column":31},"end":{"line":230,"column":null}},"line":230}},"branchMap":{"0":{"loc":{"start":{"line":32,"column":6},"end":{"line":32,"column":null}},"type":"if","locations":[{"start":{"line":32,"column":6},"end":{"line":32,"column":null}},{"start":{},"end":{}}],"line":32},"1":{"loc":{"start":{"line":37,"column":4},"end":{"line":37,"column":null}},"type":"if","locations":[{"start":{"line":37,"column":4},"end":{"line":37,"column":null}},{"start":{},"end":{}}],"line":37},"2":{"loc":{"start":{"line":52,"column":2},"end":{"line":61,"column":null}},"type":"if","locations":[{"start":{"line":52,"column":2},"end":{"line":61,"column":null}},{"start":{},"end":{}}],"line":52},"3":{"loc":{"start":{"line":52,"column":6},"end":{"line":52,"column":52}},"type":"binary-expr","locations":[{"start":{"line":52,"column":6},"end":{"line":52,"column":24}},{"start":{"line":52,"column":24},"end":{"line":52,"column":52}}],"line":52},"4":{"loc":{"start":{"line":56,"column":13},"end":{"line":56,"column":null}},"type":"binary-expr","locations":[{"start":{"line":56,"column":13},"end":{"line":56,"column":47}},{"start":{"line":56,"column":47},"end":{"line":56,"column":null}}],"line":56},"5":{"loc":{"start":{"line":58,"column":24},"end":{"line":60,"column":null}},"type":"cond-expr","locations":[{"start":{"line":59,"column":8},"end":{"line":59,"column":null}},{"start":{"line":60,"column":8},"end":{"line":60,"column":null}}],"line":58},"6":{"loc":{"start":{"line":64,"column":4},"end":{"line":72,"column":null}},"type":"if","locations":[{"start":{"line":64,"column":4},"end":{"line":72,"column":null}},{"start":{"line":67,"column":11},"end":{"line":72,"column":null}}],"line":64},"7":{"loc":{"start":{"line":68,"column":6},"end":{"line":71,"column":null}},"type":"if","locations":[{"start":{"line":68,"column":6},"end":{"line":71,"column":null}},{"start":{},"end":{}}],"line":68},"8":{"loc":{"start":{"line":92,"column":4},"end":{"line":92,"column":null}},"type":"if","locations":[{"start":{"line":92,"column":4},"end":{"line":92,"column":null}},{"start":{},"end":{}}],"line":92},"9":{"loc":{"start":{"line":99,"column":4},"end":{"line":149,"column":null}},"type":"if","locations":[{"start":{"line":99,"column":4},"end":{"line":149,"column":null}},{"start":{"line":122,"column":11},"end":{"line":149,"column":null}}],"line":99},"10":{"loc":{"start":{"line":99,"column":8},"end":{"line":99,"column":101}},"type":"binary-expr","locations":[{"start":{"line":99,"column":8},"end":{"line":99,"column":25}},{"start":{"line":99,"column":25},"end":{"line":99,"column":101}}],"line":99},"11":{"loc":{"start":{"line":110,"column":6},"end":{"line":121,"column":null}},"type":"if","locations":[{"start":{"line":110,"column":6},"end":{"line":121,"column":null}},{"start":{},"end":{}}],"line":110},"12":{"loc":{"start":{"line":114,"column":22},"end":{"line":114,"column":null}},"type":"cond-expr","locations":[{"start":{"line":114,"column":42},"end":{"line":114,"column":46}},{"start":{"line":114,"column":46},"end":{"line":114,"column":null}}],"line":114},"13":{"loc":{"start":{"line":114,"column":46},"end":{"line":114,"column":null}},"type":"cond-expr","locations":[{"start":{"line":114,"column":66},"end":{"line":114,"column":70}},{"start":{"line":114,"column":70},"end":{"line":114,"column":null}}],"line":114},"14":{"loc":{"start":{"line":129,"column":8},"end":{"line":129,"column":null}},"type":"if","locations":[{"start":{"line":129,"column":8},"end":{"line":129,"column":null}},{"start":{},"end":{}}],"line":129},"15":{"loc":{"start":{"line":138,"column":6},"end":{"line":142,"column":null}},"type":"if","locations":[{"start":{"line":138,"column":6},"end":{"line":142,"column":null}},{"start":{"line":140,"column":13},"end":{"line":142,"column":null}}],"line":138},"16":{"loc":{"start":{"line":144,"column":6},"end":{"line":148,"column":null}},"type":"if","locations":[{"start":{"line":144,"column":6},"end":{"line":148,"column":null}},{"start":{},"end":{}}],"line":144},"17":{"loc":{"start":{"line":179,"column":16},"end":{"line":179,"column":null}},"type":"cond-expr","locations":[{"start":{"line":179,"column":35},"end":{"line":179,"column":90}},{"start":{"line":179,"column":90},"end":{"line":179,"column":null}}],"line":179},"18":{"loc":{"start":{"line":187,"column":7},"end":{"line":190,"column":null}},"type":"binary-expr","locations":[{"start":{"line":187,"column":7},"end":{"line":187,"column":null}},{"start":{"line":188,"column":8},"end":{"line":190,"column":null}}],"line":187},"19":{"loc":{"start":{"line":194,"column":7},"end":{"line":198,"column":null}},"type":"binary-expr","locations":[{"start":{"line":194,"column":7},"end":{"line":194,"column":null}},{"start":{"line":195,"column":8},"end":{"line":198,"column":null}}],"line":194},"20":{"loc":{"start":{"line":222,"column":7},"end":{"line":241,"column":null}},"type":"binary-expr","locations":[{"start":{"line":222,"column":7},"end":{"line":222,"column":null}},{"start":{"line":223,"column":8},"end":{"line":241,"column":null}}],"line":222},"21":{"loc":{"start":{"line":232,"column":18},"end":{"line":234,"column":null}},"type":"cond-expr","locations":[{"start":{"line":233,"column":22},"end":{"line":233,"column":null}},{"start":{"line":234,"column":22},"end":{"line":234,"column":null}}],"line":232}},"s":{"0":1,"1":38,"2":38,"3":38,"4":38,"5":38,"6":38,"7":38,"8":38,"9":7,"10":7,"11":1,"12":38,"13":0,"14":0,"15":0,"16":38,"17":38,"18":38,"19":38,"20":0,"21":0,"22":0,"23":0,"24":0,"25":38,"26":24,"27":1,"28":1,"29":4,"30":1,"31":23,"32":22,"33":22,"34":22,"35":38,"36":0,"37":0,"38":0,"39":0,"40":0,"41":0,"42":0,"43":0,"44":0,"45":0,"46":38,"47":1,"48":1,"49":38,"50":7,"51":0,"52":7,"53":25,"54":25,"55":41,"56":7,"57":0,"58":1,"59":1,"60":1,"61":1,"62":1,"63":1,"64":1,"65":1,"66":1,"67":0,"68":0,"69":0,"70":0,"71":0,"72":0,"73":0,"74":6,"75":6,"76":6,"77":24,"78":24,"79":96,"80":24,"81":1,"82":6,"83":6,"84":6,"85":6,"86":6,"87":6,"88":1,"89":5,"90":6,"91":1,"92":1,"93":38,"94":608,"95":16,"96":38,"97":152,"98":1,"99":1,"100":604,"101":604,"102":24},"f":{"0":38,"1":7,"2":7,"3":0,"4":0,"5":24,"6":1,"7":4,"8":22,"9":0,"10":0,"11":0,"12":1,"13":7,"14":25,"15":41,"16":0,"17":1,"18":0,"19":24,"20":96,"21":6,"22":1,"23":608,"24":16,"25":152,"26":1,"27":604,"28":24},"b":{"0":[1,6],"1":[0,0],"2":[0,38],"3":[38,0],"4":[0,0],"5":[0,0],"6":[1,23],"7":[22,1],"8":[0,7],"9":[1,6],"10":[7,1],"11":[0,1],"12":[0,0],"13":[0,0],"14":[1,23],"15":[1,5],"16":[1,5],"17":[140,12],"18":[38,7],"19":[38,0],"20":[38,38],"21":[80,524]},"meta":{"lastBranch":22,"lastFunction":29,"lastStatement":103,"seen":{"s:15:13:271:Infinity":0,"f:15:13:15:64":0,"s:21:28:21:Infinity":1,"s:22:44:22:Infinity":2,"s:23:42:23:Infinity":3,"s:24:42:24:Infinity":4,"s:25:58:25:Infinity":5,"s:26:32:26:Infinity":6,"s:28:21:28:Infinity":7,"s:30:2:34:Infinity":8,"f:30:2:30:18":1,"s:31:4:33:Infinity":9,"f:31:4:31:17":2,"b:32:6:32:Infinity:undefined:undefined:undefined:undefined":0,"s:32:6:32:Infinity":10,"s:32:30:32:Infinity":11,"s:36:8:39:Infinity":12,"f:36:8:36:32":3,"b:37:4:37:Infinity:undefined:undefined:undefined:undefined":1,"s:37:4:37:Infinity":13,"s:37:28:37:Infinity":14,"s:38:4:38:Infinity":15,"s:41:123:46:Infinity":16,"s:49:25:49:Infinity":17,"s:50:41:50:Infinity":18,"b:52:2:61:Infinity:undefined:undefined:undefined:undefined":2,"s:52:2:61:Infinity":19,"b:52:6:52:24:52:24:52:52":3,"s:53:18:53:Infinity":20,"s:54:18:54:Infinity":21,"s:55:22:57:Infinity":22,"f:55:36:55:Infinity":4,"s:56:13:56:Infinity":23,"b:56:13:56:47:56:47:56:Infinity":4,"s:58:4:60:Infinity":24,"b:59:8:59:Infinity:60:8:60:Infinity":5,"s:63:8:73:Infinity":25,"f:63:8:63:27":5,"b:64:4:72:Infinity:67:11:72:Infinity":6,"s:64:4:72:Infinity":26,"s:65:6:65:Infinity":27,"f:65:6:65:24":6,"s:65:33:65:63":28,"f:65:38:65:46":7,"s:65:52:65:62":29,"s:66:6:66:Infinity":30,"b:68:6:71:Infinity:undefined:undefined:undefined:undefined":7,"s:68:6:71:Infinity":31,"s:69:8:69:Infinity":32,"f:69:8:69:26":8,"s:69:35:69:50":33,"s:70:8:70:Infinity":34,"s:75:8:84:Infinity":35,"f:75:8:75:30":9,"s:76:4:76:Infinity":36,"s:77:29:77:Infinity":37,"f:77:35:77:43":10,"s:77:49:77:95":38,"f:77:63:77:69":11,"s:77:75:77:94":39,"s:78:21:78:Infinity":40,"s:79:4:82:Infinity":41,"s:79:17:79:38":42,"s:80:16:80:Infinity":43,"s:81:6:81:Infinity":44,"s:83:4:83:Infinity":45,"s:86:8:89:Infinity":46,"f:86:8:86:34":12,"s:87:4:87:Infinity":47,"s:88:4:88:Infinity":48,"s:91:8:150:Infinity":49,"f:91:8:91:29":13,"b:92:4:92:Infinity:undefined:undefined:undefined:undefined":8,"s:92:4:92:Infinity":50,"s:92:36:92:Infinity":51,"s:94:26:97:Infinity":52,"f:94:40:94:46":14,"s:95:25:95:Infinity":53,"s:96:6:96:Infinity":54,"f:96:27:96:34":15,"s:96:40:96:57":55,"b:99:4:149:Infinity:122:11:149:Infinity":9,"s:99:4:149:Infinity":56,"b:99:8:99:25:99:25:99:101":10,"f:99:39:99:45":16,"s:99:51:99:98":57,"s:100:6:100:Infinity":58,"s:101:25:101:Infinity":59,"s:102:6:102:Infinity":60,"s:104:23:104:Infinity":61,"s:105:6:105:Infinity":62,"f:105:6:105:31":17,"s:105:40:105:59":63,"s:107:6:107:Infinity":64,"s:108:6:108:Infinity":65,"b:110:6:121:Infinity:undefined:undefined:undefined:undefined":11,"s:110:6:121:Infinity":66,"s:111:8:111:Infinity":67,"s:112:8:112:Infinity":68,"s:114:22:114:Infinity":69,"b:114:42:114:46:114:46:114:Infinity":12,"b:114:66:114:70:114:70:114:Infinity":13,"s:115:22:115:Infinity":70,"s:116:26:116:Infinity":71,"s:118:8:120:Infinity":72,"f:118:29:118:46":18,"s:119:10:119:Infinity":73,"s:123:6:123:Infinity":74,"s:125:22:125:Infinity":75,"s:126:6:130:Infinity":76,"f:126:20:126:29":19,"s:127:27:127:Infinity":77,"s:128:27:128:Infinity":78,"f:128:41:128:49":20,"s:128:55:128:72":79,"b:129:8:129:Infinity:undefined:undefined:undefined:undefined":14,"s:129:8:129:Infinity":80,"s:129:30:129:Infinity":81,"s:132:27:132:Infinity":82,"s:133:6:133:Infinity":83,"s:135:28:135:Infinity":84,"s:136:6:136:Infinity":85,"f:136:6:136:31":21,"s:136:40:136:64":86,"b:138:6:142:Infinity:140:13:142:Infinity":15,"s:138:6:142:Infinity":87,"s:139:8:139:Infinity":88,"s:141:8:141:Infinity":89,"b:144:6:148:Infinity:undefined:undefined:undefined:undefined":16,"s:144:6:148:Infinity":90,"s:145:8:147:Infinity":91,"f:145:29:145:46":22,"s:146:10:146:Infinity":92,"s:152:25:152:Infinity":93,"f:152:31:152:39":23,"s:152:45:152:91":94,"f:152:59:152:65":24,"s:152:71:152:90":95,"s:154:2:269:Infinity":96,"f:175:37:175:42":25,"s:176:12:181:Infinity":97,"b:179:35:179:90:179:90:179:Infinity":17,"b:187:7:187:Infinity:188:8:190:Infinity":18,"b:194:7:194:Infinity:195:8:198:Infinity":19,"f:203:22:203:27":26,"s:204:24:204:Infinity":98,"s:205:10:216:Infinity":99,"b:222:7:222:Infinity:223:8:241:Infinity":20,"f:224:26:224:31":27,"s:225:31:225:Infinity":100,"s:227:12:238:Infinity":101,"f:230:16:230:31":28,"s:230:31:230:Infinity":102,"b:233:22:233:Infinity:234:22:234:Infinity":21},"fnNames":{}}}
,"/Users/swapnilshrivastava/Projects/GameTime/src/components/PuzzleRunner.tsx": {"path":"/Users/swapnilshrivastava/Projects/GameTime/src/components/PuzzleRunner.tsx","statementMap":{"0":{"start":{"line":29,"column":13},"end":{"line":345,"column":null}},"1":{"start":{"line":35,"column":30},"end":{"line":37,"column":null}},"2":{"start":{"line":36,"column":4},"end":{"line":36,"column":null}},"3":{"start":{"line":38,"column":50},"end":{"line":38,"column":null}},"4":{"start":{"line":39,"column":34},"end":{"line":39,"column":null}},"5":{"start":{"line":40,"column":48},"end":{"line":40,"column":null}},"6":{"start":{"line":41,"column":36},"end":{"line":41,"column":null}},"7":{"start":{"line":42,"column":38},"end":{"line":42,"column":null}},"8":{"start":{"line":44,"column":21},"end":{"line":44,"column":null}},"9":{"start":{"line":46,"column":25},"end":{"line":46,"column":null}},"10":{"start":{"line":47,"column":25},"end":{"line":47,"column":null}},"11":{"start":{"line":49,"column":2},"end":{"line":69,"column":null}},"12":{"start":{"line":50,"column":22},"end":{"line":55,"column":null}},"13":{"start":{"line":56,"column":4},"end":{"line":56,"column":null}},"14":{"start":{"line":57,"column":4},"end":{"line":57,"column":null}},"15":{"start":{"line":59,"column":4},"end":{"line":59,"column":null}},"16":{"start":{"line":60,"column":4},"end":{"line":60,"column":null}},"17":{"start":{"line":61,"column":4},"end":{"line":61,"column":null}},"18":{"start":{"line":62,"column":16},"end":{"line":62,"column":null}},"19":{"start":{"line":63,"column":4},"end":{"line":63,"column":null}},"20":{"start":{"line":64,"column":4},"end":{"line":64,"column":null}},"21":{"start":{"line":66,"column":4},"end":{"line":68,"column":null}},"22":{"start":{"line":67,"column":6},"end":{"line":67,"column":null}},"23":{"start":{"line":67,"column":30},"end":{"line":67,"column":null}},"24":{"start":{"line":71,"column":2},"end":{"line":76,"column":null}},"25":{"start":{"line":72,"column":18},"end":{"line":74,"column":null}},"26":{"start":{"line":73,"column":6},"end":{"line":73,"column":null}},"27":{"start":{"line":75,"column":4},"end":{"line":75,"column":null}},"28":{"start":{"line":75,"column":17},"end":{"line":75,"column":null}},"29":{"start":{"line":78,"column":8},"end":{"line":81,"column":null}},"30":{"start":{"line":79,"column":4},"end":{"line":79,"column":null}},"31":{"start":{"line":79,"column":28},"end":{"line":79,"column":null}},"32":{"start":{"line":80,"column":4},"end":{"line":80,"column":null}},"33":{"start":{"line":83,"column":8},"end":{"line":118,"column":null}},"34":{"start":{"line":84,"column":4},"end":{"line":84,"column":null}},"35":{"start":{"line":84,"column":35},"end":{"line":84,"column":null}},"36":{"start":{"line":86,"column":4},"end":{"line":86,"column":null}},"37":{"start":{"line":87,"column":4},"end":{"line":87,"column":null}},"38":{"start":{"line":89,"column":24},"end":{"line":89,"column":null}},"39":{"start":{"line":89,"column":59},"end":{"line":89,"column":76}},"40":{"start":{"line":90,"column":22},"end":{"line":90,"column":null}},"41":{"start":{"line":92,"column":4},"end":{"line":97,"column":null}},"42":{"start":{"line":93,"column":6},"end":{"line":93,"column":null}},"43":{"start":{"line":94,"column":6},"end":{"line":94,"column":null}},"44":{"start":{"line":96,"column":6},"end":{"line":96,"column":null}},"45":{"start":{"line":99,"column":4},"end":{"line":99,"column":null}},"46":{"start":{"line":101,"column":20},"end":{"line":101,"column":null}},"47":{"start":{"line":102,"column":4},"end":{"line":102,"column":null}},"48":{"start":{"line":102,"column":24},"end":{"line":102,"column":null}},"49":{"start":{"line":104,"column":16},"end":{"line":104,"column":null}},"50":{"start":{"line":105,"column":4},"end":{"line":110,"column":null}},"51":{"start":{"line":106,"column":6},"end":{"line":107,"column":null}},"52":{"start":{"line":106,"column":27},"end":{"line":106,"column":null}},"53":{"start":{"line":107,"column":11},"end":{"line":107,"column":null}},"54":{"start":{"line":107,"column":32},"end":{"line":107,"column":null}},"55":{"start":{"line":109,"column":6},"end":{"line":109,"column":null}},"56":{"start":{"line":112,"column":16},"end":{"line":112,"column":null}},"57":{"start":{"line":113,"column":4},"end":{"line":113,"column":null}},"58":{"start":{"line":113,"column":37},"end":{"line":113,"column":null}},"59":{"start":{"line":115,"column":4},"end":{"line":117,"column":null}},"60":{"start":{"line":116,"column":6},"end":{"line":116,"column":null}},"61":{"start":{"line":120,"column":23},"end":{"line":120,"column":null}},"62":{"start":{"line":121,"column":2},"end":{"line":126,"column":null}},"63":{"start":{"line":122,"column":28},"end":{"line":122,"column":null}},"64":{"start":{"line":122,"column":63},"end":{"line":122,"column":75}},"65":{"start":{"line":123,"column":4},"end":{"line":125,"column":null}},"66":{"start":{"line":124,"column":6},"end":{"line":124,"column":null}},"67":{"start":{"line":124,"column":60},"end":{"line":124,"column":87}},"68":{"start":{"line":128,"column":8},"end":{"line":215,"column":null}},"69":{"start":{"line":129,"column":4},"end":{"line":135,"column":null}},"70":{"start":{"line":130,"column":6},"end":{"line":133,"column":null}},"71":{"start":{"line":137,"column":4},"end":{"line":214,"column":null}},"72":{"start":{"line":139,"column":8},"end":{"line":152,"column":null}},"73":{"start":{"line":155,"column":8},"end":{"line":170,"column":null}},"74":{"start":{"line":173,"column":23},"end":{"line":173,"column":null}},"75":{"start":{"line":174,"column":23},"end":{"line":174,"column":null}},"76":{"start":{"line":175,"column":23},"end":{"line":175,"column":null}},"77":{"start":{"line":176,"column":8},"end":{"line":185,"column":null}},"78":{"start":{"line":189,"column":8},"end":{"line":194,"column":null}},"79":{"start":{"line":197,"column":8},"end":{"line":197,"column":null}},"80":{"start":{"line":199,"column":8},"end":{"line":199,"column":null}},"81":{"start":{"line":201,"column":8},"end":{"line":201,"column":null}},"82":{"start":{"line":203,"column":8},"end":{"line":203,"column":null}},"83":{"start":{"line":205,"column":8},"end":{"line":205,"column":null}},"84":{"start":{"line":207,"column":8},"end":{"line":207,"column":null}},"85":{"start":{"line":209,"column":8},"end":{"line":212,"column":null}},"86":{"start":{"line":217,"column":2},"end":{"line":343,"column":null}},"87":{"start":{"line":238,"column":24},"end":{"line":238,"column":null}},"88":{"start":{"line":238,"column":49},"end":{"line":238,"column":63}},"89":{"start":{"line":239,"column":14},"end":{"line":246,"column":null}},"90":{"start":{"line":264,"column":16},"end":{"line":264,"column":null}},"91":{"start":{"line":264,"column":38},"end":{"line":264,"column":43}},"92":{"start":{"line":265,"column":16},"end":{"line":265,"column":null}},"93":{"start":{"line":288,"column":31},"end":{"line":288,"column":null}},"94":{"start":{"line":289,"column":31},"end":{"line":289,"column":null}},"95":{"start":{"line":292,"column":14},"end":{"line":292,"column":null}},"96":{"start":{"line":294,"column":12},"end":{"line":304,"column":null}},"97":{"start":{"line":295,"column":14},"end":{"line":303,"column":null}},"98":{"start":{"line":296,"column":16},"end":{"line":297,"column":null}},"99":{"start":{"line":298,"column":21},"end":{"line":303,"column":null}},"100":{"start":{"line":299,"column":16},"end":{"line":300,"column":null}},"101":{"start":{"line":302,"column":16},"end":{"line":302,"column":null}},"102":{"start":{"line":306,"column":12},"end":{"line":328,"column":null}},"103":{"start":{"line":310,"column":31},"end":{"line":310,"column":null}}},"fnMap":{"0":{"name":"(anonymous_0)","decl":{"start":{"line":29,"column":13},"end":{"line":29,"column":58}},"loc":{"start":{"line":34,"column":6},"end":{"line":345,"column":null}},"line":34},"1":{"name":"(anonymous_1)","decl":{"start":{"line":35,"column":30},"end":{"line":35,"column":null}},"loc":{"start":{"line":36,"column":4},"end":{"line":36,"column":null}},"line":36},"2":{"name":"(anonymous_2)","decl":{"start":{"line":49,"column":2},"end":{"line":49,"column":18}},"loc":{"start":{"line":49,"column":18},"end":{"line":69,"column":5}},"line":49},"3":{"name":"(anonymous_3)","decl":{"start":{"line":66,"column":4},"end":{"line":66,"column":17}},"loc":{"start":{"line":66,"column":17},"end":{"line":68,"column":null}},"line":66},"4":{"name":"(anonymous_4)","decl":{"start":{"line":71,"column":2},"end":{"line":71,"column":18}},"loc":{"start":{"line":71,"column":18},"end":{"line":76,"column":5}},"line":71},"5":{"name":"(anonymous_5)","decl":{"start":{"line":72,"column":18},"end":{"line":72,"column":36}},"loc":{"start":{"line":72,"column":36},"end":{"line":74,"column":7}},"line":72},"6":{"name":"(anonymous_6)","decl":{"start":{"line":75,"column":4},"end":{"line":75,"column":17}},"loc":{"start":{"line":75,"column":17},"end":{"line":75,"column":null}},"line":75},"7":{"name":"(anonymous_7)","decl":{"start":{"line":78,"column":8},"end":{"line":78,"column":32}},"loc":{"start":{"line":78,"column":32},"end":{"line":81,"column":null}},"line":78},"8":{"name":"(anonymous_8)","decl":{"start":{"line":83,"column":8},"end":{"line":83,"column":30}},"loc":{"start":{"line":83,"column":51},"end":{"line":118,"column":null}},"line":83},"9":{"name":"(anonymous_9)","decl":{"start":{"line":89,"column":39},"end":{"line":89,"column":45}},"loc":{"start":{"line":89,"column":59},"end":{"line":89,"column":76}},"line":89},"10":{"name":"(anonymous_10)","decl":{"start":{"line":115,"column":25},"end":{"line":115,"column":42}},"loc":{"start":{"line":115,"column":42},"end":{"line":117,"column":7}},"line":115},"11":{"name":"(anonymous_11)","decl":{"start":{"line":122,"column":43},"end":{"line":122,"column":49}},"loc":{"start":{"line":122,"column":63},"end":{"line":122,"column":75}},"line":122},"12":{"name":"(anonymous_12)","decl":{"start":{"line":124,"column":38},"end":{"line":124,"column":46}},"loc":{"start":{"line":124,"column":60},"end":{"line":124,"column":87}},"line":124},"13":{"name":"(anonymous_13)","decl":{"start":{"line":128,"column":8},"end":{"line":128,"column":35}},"loc":{"start":{"line":128,"column":35},"end":{"line":215,"column":null}},"line":128},"14":{"name":"(anonymous_14)","decl":{"start":{"line":237,"column":37},"end":{"line":237,"column":42}},"loc":{"start":{"line":237,"column":50},"end":{"line":248,"column":13}},"line":237},"15":{"name":"(anonymous_15)","decl":{"start":{"line":238,"column":35},"end":{"line":238,"column":41}},"loc":{"start":{"line":238,"column":49},"end":{"line":238,"column":63}},"line":238},"16":{"name":"(anonymous_16)","decl":{"start":{"line":263,"column":14},"end":{"line":263,"column":29}},"loc":{"start":{"line":263,"column":29},"end":{"line":266,"column":null}},"line":263},"17":{"name":"(anonymous_17)","decl":{"start":{"line":264,"column":16},"end":{"line":264,"column":29}},"loc":{"start":{"line":264,"column":38},"end":{"line":264,"column":43}},"line":264},"18":{"name":"(anonymous_18)","decl":{"start":{"line":287,"column":26},"end":{"line":287,"column":31}},"loc":{"start":{"line":287,"column":60},"end":{"line":330,"column":11}},"line":287},"19":{"name":"(anonymous_19)","decl":{"start":{"line":310,"column":16},"end":{"line":310,"column":31}},"loc":{"start":{"line":310,"column":31},"end":{"line":310,"column":null}},"line":310}},"branchMap":{"0":{"loc":{"start":{"line":36,"column":62},"end":{"line":36,"column":94}},"type":"binary-expr","locations":[{"start":{"line":36,"column":62},"end":{"line":36,"column":92}},{"start":{"line":36,"column":92},"end":{"line":36,"column":94}}],"line":36},"1":{"loc":{"start":{"line":54,"column":6},"end":{"line":54,"column":null}},"type":"binary-expr","locations":[{"start":{"line":54,"column":6},"end":{"line":54,"column":36}},{"start":{"line":54,"column":36},"end":{"line":54,"column":null}}],"line":54},"2":{"loc":{"start":{"line":67,"column":6},"end":{"line":67,"column":null}},"type":"if","locations":[{"start":{"line":67,"column":6},"end":{"line":67,"column":null}},{"start":{},"end":{}}],"line":67},"3":{"loc":{"start":{"line":79,"column":4},"end":{"line":79,"column":null}},"type":"if","locations":[{"start":{"line":79,"column":4},"end":{"line":79,"column":null}},{"start":{},"end":{}}],"line":79},"4":{"loc":{"start":{"line":84,"column":4},"end":{"line":84,"column":null}},"type":"if","locations":[{"start":{"line":84,"column":4},"end":{"line":84,"column":null}},{"start":{},"end":{}}],"line":84},"5":{"loc":{"start":{"line":92,"column":4},"end":{"line":97,"column":null}},"type":"if","locations":[{"start":{"line":92,"column":4},"end":{"line":97,"column":null}},{"start":{"line":95,"column":11},"end":{"line":97,"column":null}}],"line":92},"6":{"loc":{"start":{"line":102,"column":4},"end":{"line":102,"column":null}},"type":"if","locations":[{"start":{"line":102,"column":4},"end":{"line":102,"column":null}},{"start":{},"end":{}}],"line":102},"7":{"loc":{"start":{"line":105,"column":4},"end":{"line":110,"column":null}},"type":"if","locations":[{"start":{"line":105,"column":4},"end":{"line":110,"column":null}},{"start":{"line":108,"column":11},"end":{"line":110,"column":null}}],"line":105},"8":{"loc":{"start":{"line":106,"column":6},"end":{"line":107,"column":null}},"type":"if","locations":[{"start":{"line":106,"column":6},"end":{"line":107,"column":null}},{"start":{"line":107,"column":11},"end":{"line":107,"column":null}}],"line":106},"9":{"loc":{"start":{"line":107,"column":11},"end":{"line":107,"column":null}},"type":"if","locations":[{"start":{"line":107,"column":11},"end":{"line":107,"column":null}},{"start":{},"end":{}}],"line":107},"10":{"loc":{"start":{"line":112,"column":16},"end":{"line":112,"column":null}},"type":"cond-expr","locations":[{"start":{"line":112,"column":28},"end":{"line":112,"column":66}},{"start":{"line":112,"column":66},"end":{"line":112,"column":null}}],"line":112},"11":{"loc":{"start":{"line":113,"column":4},"end":{"line":113,"column":null}},"type":"if","locations":[{"start":{"line":113,"column":4},"end":{"line":113,"column":null}},{"start":{},"end":{}}],"line":113},"12":{"loc":{"start":{"line":113,"column":8},"end":{"line":113,"column":37}},"type":"binary-expr","locations":[{"start":{"line":113,"column":8},"end":{"line":113,"column":26}},{"start":{"line":113,"column":26},"end":{"line":113,"column":37}}],"line":113},"13":{"loc":{"start":{"line":121,"column":2},"end":{"line":126,"column":null}},"type":"if","locations":[{"start":{"line":121,"column":2},"end":{"line":126,"column":null}},{"start":{},"end":{}}],"line":121},"14":{"loc":{"start":{"line":121,"column":6},"end":{"line":121,"column":53}},"type":"binary-expr","locations":[{"start":{"line":121,"column":6},"end":{"line":121,"column":24}},{"start":{"line":121,"column":24},"end":{"line":121,"column":53}}],"line":121},"15":{"loc":{"start":{"line":123,"column":4},"end":{"line":125,"column":null}},"type":"if","locations":[{"start":{"line":123,"column":4},"end":{"line":125,"column":null}},{"start":{},"end":{}}],"line":123},"16":{"loc":{"start":{"line":129,"column":4},"end":{"line":135,"column":null}},"type":"if","locations":[{"start":{"line":129,"column":4},"end":{"line":135,"column":null}},{"start":{},"end":{}}],"line":129},"17":{"loc":{"start":{"line":137,"column":4},"end":{"line":214,"column":null}},"type":"switch","locations":[{"start":{"line":138,"column":6},"end":{"line":152,"column":null}},{"start":{"line":154,"column":6},"end":{"line":170,"column":null}},{"start":{"line":172,"column":6},"end":{"line":187,"column":null}},{"start":{"line":188,"column":6},"end":{"line":194,"column":null}},{"start":{"line":196,"column":6},"end":{"line":197,"column":null}},{"start":{"line":198,"column":6},"end":{"line":199,"column":null}},{"start":{"line":200,"column":6},"end":{"line":201,"column":null}},{"start":{"line":202,"column":6},"end":{"line":203,"column":null}},{"start":{"line":204,"column":6},"end":{"line":205,"column":null}},{"start":{"line":206,"column":6},"end":{"line":207,"column":null}},{"start":{"line":208,"column":6},"end":{"line":212,"column":null}}],"line":137},"18":{"loc":{"start":{"line":142,"column":14},"end":{"line":149,"column":null}},"type":"binary-expr","locations":[{"start":{"line":142,"column":14},"end":{"line":142,"column":45}},{"start":{"line":142,"column":45},"end":{"line":149,"column":null}}],"line":142},"19":{"loc":{"start":{"line":151,"column":26},"end":{"line":151,"column":null}},"type":"binary-expr","locations":[{"start":{"line":151,"column":26},"end":{"line":151,"column":62}},{"start":{"line":151,"column":62},"end":{"line":151,"column":null}}],"line":151},"20":{"loc":{"start":{"line":158,"column":14},"end":{"line":168,"column":null}},"type":"cond-expr","locations":[{"start":{"line":159,"column":18},"end":{"line":159,"column":null}},{"start":{"line":160,"column":18},"end":{"line":168,"column":null}}],"line":158},"21":{"loc":{"start":{"line":173,"column":23},"end":{"line":173,"column":null}},"type":"binary-expr","locations":[{"start":{"line":173,"column":23},"end":{"line":173,"column":53}},{"start":{"line":173,"column":53},"end":{"line":173,"column":null}}],"line":173},"22":{"loc":{"start":{"line":174,"column":23},"end":{"line":174,"column":null}},"type":"binary-expr","locations":[{"start":{"line":174,"column":23},"end":{"line":174,"column":53}},{"start":{"line":174,"column":53},"end":{"line":174,"column":null}}],"line":174},"23":{"loc":{"start":{"line":175,"column":23},"end":{"line":175,"column":null}},"type":"binary-expr","locations":[{"start":{"line":175,"column":23},"end":{"line":175,"column":53}},{"start":{"line":175,"column":53},"end":{"line":175,"column":null}}],"line":175},"24":{"loc":{"start":{"line":191,"column":25},"end":{"line":191,"column":null}},"type":"binary-expr","locations":[{"start":{"line":191,"column":25},"end":{"line":191,"column":60}},{"start":{"line":191,"column":60},"end":{"line":191,"column":null}}],"line":191},"25":{"loc":{"start":{"line":192,"column":25},"end":{"line":192,"column":null}},"type":"binary-expr","locations":[{"start":{"line":192,"column":25},"end":{"line":192,"column":60}},{"start":{"line":192,"column":60},"end":{"line":192,"column":null}}],"line":192},"26":{"loc":{"start":{"line":193,"column":24},"end":{"line":193,"column":null}},"type":"binary-expr","locations":[{"start":{"line":193,"column":24},"end":{"line":193,"column":58}},{"start":{"line":193,"column":58},"end":{"line":193,"column":null}}],"line":193},"27":{"loc":{"start":{"line":199,"column":37},"end":{"line":199,"column":98}},"type":"binary-expr","locations":[{"start":{"line":199,"column":37},"end":{"line":199,"column":69}},{"start":{"line":199,"column":69},"end":{"line":199,"column":98}}],"line":199},"28":{"loc":{"start":{"line":207,"column":44},"end":{"line":207,"column":96}},"type":"binary-expr","locations":[{"start":{"line":207,"column":44},"end":{"line":207,"column":80}},{"start":{"line":207,"column":80},"end":{"line":207,"column":96}}],"line":207},"29":{"loc":{"start":{"line":235,"column":9},"end":{"line":249,"column":null}},"type":"binary-expr","locations":[{"start":{"line":235,"column":9},"end":{"line":235,"column":36}},{"start":{"line":235,"column":36},"end":{"line":235,"column":null}},{"start":{"line":236,"column":10},"end":{"line":249,"column":null}}],"line":235},"30":{"loc":{"start":{"line":260,"column":9},"end":{"line":272,"column":null}},"type":"binary-expr","locations":[{"start":{"line":260,"column":9},"end":{"line":260,"column":null}},{"start":{"line":261,"column":10},"end":{"line":272,"column":null}}],"line":260},"31":{"loc":{"start":{"line":270,"column":15},"end":{"line":270,"column":null}},"type":"cond-expr","locations":[{"start":{"line":270,"column":26},"end":{"line":270,"column":47}},{"start":{"line":270,"column":47},"end":{"line":270,"column":null}}],"line":270},"32":{"loc":{"start":{"line":276,"column":9},"end":{"line":279,"column":null}},"type":"binary-expr","locations":[{"start":{"line":276,"column":9},"end":{"line":276,"column":21}},{"start":{"line":276,"column":21},"end":{"line":276,"column":null}},{"start":{"line":277,"column":10},"end":{"line":279,"column":null}}],"line":276},"33":{"loc":{"start":{"line":294,"column":12},"end":{"line":304,"column":null}},"type":"if","locations":[{"start":{"line":294,"column":12},"end":{"line":304,"column":null}},{"start":{},"end":{}}],"line":294},"34":{"loc":{"start":{"line":295,"column":14},"end":{"line":303,"column":null}},"type":"if","locations":[{"start":{"line":295,"column":14},"end":{"line":303,"column":null}},{"start":{"line":298,"column":21},"end":{"line":303,"column":null}}],"line":295},"35":{"loc":{"start":{"line":298,"column":21},"end":{"line":303,"column":null}},"type":"if","locations":[{"start":{"line":298,"column":21},"end":{"line":303,"column":null}},{"start":{"line":301,"column":21},"end":{"line":303,"column":null}}],"line":298},"36":{"loc":{"start":{"line":318,"column":19},"end":{"line":323,"column":null}},"type":"cond-expr","locations":[{"start":{"line":319,"column":20},"end":{"line":321,"column":21}},{"start":{"line":321,"column":20},"end":{"line":323,"column":null}}],"line":318},"37":{"loc":{"start":{"line":325,"column":17},"end":{"line":325,"column":null}},"type":"binary-expr","locations":[{"start":{"line":325,"column":17},"end":{"line":325,"column":31}},{"start":{"line":325,"column":31},"end":{"line":325,"column":48}},{"start":{"line":325,"column":48},"end":{"line":325,"column":null}}],"line":325},"38":{"loc":{"start":{"line":326,"column":17},"end":{"line":326,"column":null}},"type":"binary-expr","locations":[{"start":{"line":326,"column":17},"end":{"line":326,"column":31}},{"start":{"line":326,"column":31},"end":{"line":326,"column":45}},{"start":{"line":326,"column":45},"end":{"line":326,"column":63}},{"start":{"line":326,"column":63},"end":{"line":326,"column":null}}],"line":326},"39":{"loc":{"start":{"line":327,"column":17},"end":{"line":327,"column":null}},"type":"binary-expr","locations":[{"start":{"line":327,"column":17},"end":{"line":327,"column":32}},{"start":{"line":327,"column":32},"end":{"line":327,"column":null}}],"line":327},"40":{"loc":{"start":{"line":334,"column":9},"end":{"line":340,"column":null}},"type":"binary-expr","locations":[{"start":{"line":334,"column":9},"end":{"line":334,"column":null}},{"start":{"line":335,"column":10},"end":{"line":340,"column":null}}],"line":334}},"s":{"0":1,"1":15,"2":5,"3":15,"4":15,"5":15,"6":15,"7":15,"8":15,"9":15,"10":15,"11":15,"12":5,"13":5,"14":5,"15":5,"16":5,"17":5,"18":5,"19":5,"20":5,"21":5,"22":5,"23":2,"24":15,"25":5,"26":4,"27":5,"28":5,"29":15,"30":1,"31":0,"32":1,"33":15,"34":2,"35":0,"36":2,"37":2,"38":2,"39":2,"40":2,"41":2,"42":1,"43":1,"44":1,"45":2,"46":2,"47":2,"48":0,"49":2,"50":2,"51":1,"52":1,"53":0,"54":0,"55":1,"56":2,"57":2,"58":0,"59":2,"60":2,"61":15,"62":15,"63":0,"64":0,"65":0,"66":0,"67":0,"68":15,"69":15,"70":0,"71":15,"72":15,"73":0,"74":0,"75":0,"76":0,"77":0,"78":0,"79":0,"80":0,"81":0,"82":0,"83":0,"84":0,"85":0,"86":15,"87":0,"88":0,"89":0,"90":1,"91":1,"92":1,"93":60,"94":60,"95":60,"96":60,"97":16,"98":4,"99":12,"100":2,"101":10,"102":60,"103":2},"f":{"0":15,"1":5,"2":5,"3":5,"4":5,"5":4,"6":5,"7":1,"8":2,"9":2,"10":2,"11":0,"12":0,"13":15,"14":0,"15":0,"16":1,"17":1,"18":60,"19":2},"b":{"0":[5,0],"1":[5,0],"2":[2,3],"3":[0,1],"4":[0,2],"5":[1,1],"6":[0,2],"7":[1,1],"8":[1,0],"9":[0,0],"10":[1,1],"11":[0,2],"12":[2,0],"13":[0,15],"14":[15,0],"15":[0,0],"16":[0,15],"17":[15,0,0,0,0,0,0,0,0,0,0],"18":[15,0],"19":[15,0],"20":[0,0],"21":[0,0],"22":[0,0],"23":[0,0],"24":[0,0],"25":[0,0],"26":[0,0],"27":[0,0],"28":[0,0],"29":[15,15,0],"30":[15,15],"31":[1,14],"32":[15,1,1],"33":[16,44],"34":[4,12],"35":[2,10],"36":[0,60],"37":[60,16,4],"38":[60,16,4,2],"39":[60,44],"40":[15,4]},"meta":{"lastBranch":41,"lastFunction":20,"lastStatement":104,"seen":{"s:29:13:345:Infinity":0,"f:29:13:29:58":0,"s:35:30:37:Infinity":1,"f:35:30:35:Infinity":1,"s:36:4:36:Infinity":2,"b:36:62:36:92:36:92:36:94":0,"s:38:50:38:Infinity":3,"s:39:34:39:Infinity":4,"s:40:48:40:Infinity":5,"s:41:36:41:Infinity":6,"s:42:38:42:Infinity":7,"s:44:21:44:Infinity":8,"s:46:25:46:Infinity":9,"s:47:25:47:Infinity":10,"s:49:2:69:Infinity":11,"f:49:2:49:18":2,"s:50:22:55:Infinity":12,"b:54:6:54:36:54:36:54:Infinity":1,"s:56:4:56:Infinity":13,"s:57:4:57:Infinity":14,"s:59:4:59:Infinity":15,"s:60:4:60:Infinity":16,"s:61:4:61:Infinity":17,"s:62:16:62:Infinity":18,"s:63:4:63:Infinity":19,"s:64:4:64:Infinity":20,"s:66:4:68:Infinity":21,"f:66:4:66:17":3,"b:67:6:67:Infinity:undefined:undefined:undefined:undefined":2,"s:67:6:67:Infinity":22,"s:67:30:67:Infinity":23,"s:71:2:76:Infinity":24,"f:71:2:71:18":4,"s:72:18:74:Infinity":25,"f:72:18:72:36":5,"s:73:6:73:Infinity":26,"s:75:4:75:Infinity":27,"f:75:4:75:17":6,"s:75:17:75:Infinity":28,"s:78:8:81:Infinity":29,"f:78:8:78:32":7,"b:79:4:79:Infinity:undefined:undefined:undefined:undefined":3,"s:79:4:79:Infinity":30,"s:79:28:79:Infinity":31,"s:80:4:80:Infinity":32,"s:83:8:118:Infinity":33,"f:83:8:83:30":8,"b:84:4:84:Infinity:undefined:undefined:undefined:undefined":4,"s:84:4:84:Infinity":34,"s:84:35:84:Infinity":35,"s:86:4:86:Infinity":36,"s:87:4:87:Infinity":37,"s:89:24:89:Infinity":38,"f:89:39:89:45":9,"s:89:59:89:76":39,"s:90:22:90:Infinity":40,"b:92:4:97:Infinity:95:11:97:Infinity":5,"s:92:4:97:Infinity":41,"s:93:6:93:Infinity":42,"s:94:6:94:Infinity":43,"s:96:6:96:Infinity":44,"s:99:4:99:Infinity":45,"s:101:20:101:Infinity":46,"b:102:4:102:Infinity:undefined:undefined:undefined:undefined":6,"s:102:4:102:Infinity":47,"s:102:24:102:Infinity":48,"s:104:16:104:Infinity":49,"b:105:4:110:Infinity:108:11:110:Infinity":7,"s:105:4:110:Infinity":50,"b:106:6:107:Infinity:107:11:107:Infinity":8,"s:106:6:107:Infinity":51,"s:106:27:106:Infinity":52,"b:107:11:107:Infinity:undefined:undefined:undefined:undefined":9,"s:107:11:107:Infinity":53,"s:107:32:107:Infinity":54,"s:109:6:109:Infinity":55,"s:112:16:112:Infinity":56,"b:112:28:112:66:112:66:112:Infinity":10,"b:113:4:113:Infinity:undefined:undefined:undefined:undefined":11,"s:113:4:113:Infinity":57,"b:113:8:113:26:113:26:113:37":12,"s:113:37:113:Infinity":58,"s:115:4:117:Infinity":59,"f:115:25:115:42":10,"s:116:6:116:Infinity":60,"s:120:23:120:Infinity":61,"b:121:2:126:Infinity:undefined:undefined:undefined:undefined":13,"s:121:2:126:Infinity":62,"b:121:6:121:24:121:24:121:53":14,"s:122:28:122:Infinity":63,"f:122:43:122:49":11,"s:122:63:122:75":64,"b:123:4:125:Infinity:undefined:undefined:undefined:undefined":15,"s:123:4:125:Infinity":65,"s:124:6:124:Infinity":66,"f:124:38:124:46":12,"s:124:60:124:87":67,"s:128:8:215:Infinity":68,"f:128:8:128:35":13,"b:129:4:135:Infinity:undefined:undefined:undefined:undefined":16,"s:129:4:135:Infinity":69,"s:130:6:133:Infinity":70,"b:138:6:152:Infinity:154:6:170:Infinity:172:6:187:Infinity:188:6:194:Infinity:196:6:197:Infinity:198:6:199:Infinity:200:6:201:Infinity:202:6:203:Infinity:204:6:205:Infinity:206:6:207:Infinity:208:6:212:Infinity":17,"s:137:4:214:Infinity":71,"s:139:8:152:Infinity":72,"b:142:14:142:45:142:45:149:Infinity":18,"b:151:26:151:62:151:62:151:Infinity":19,"s:155:8:170:Infinity":73,"b:159:18:159:Infinity:160:18:168:Infinity":20,"s:173:23:173:Infinity":74,"b:173:23:173:53:173:53:173:Infinity":21,"s:174:23:174:Infinity":75,"b:174:23:174:53:174:53:174:Infinity":22,"s:175:23:175:Infinity":76,"b:175:23:175:53:175:53:175:Infinity":23,"s:176:8:185:Infinity":77,"s:189:8:194:Infinity":78,"b:191:25:191:60:191:60:191:Infinity":24,"b:192:25:192:60:192:60:192:Infinity":25,"b:193:24:193:58:193:58:193:Infinity":26,"s:197:8:197:Infinity":79,"s:199:8:199:Infinity":80,"b:199:37:199:69:199:69:199:98":27,"s:201:8:201:Infinity":81,"s:203:8:203:Infinity":82,"s:205:8:205:Infinity":83,"s:207:8:207:Infinity":84,"b:207:44:207:80:207:80:207:96":28,"s:209:8:212:Infinity":85,"s:217:2:343:Infinity":86,"b:235:9:235:36:235:36:235:Infinity:236:10:249:Infinity":29,"f:237:37:237:42":14,"s:238:24:238:Infinity":87,"f:238:35:238:41":15,"s:238:49:238:63":88,"s:239:14:246:Infinity":89,"b:260:9:260:Infinity:261:10:272:Infinity":30,"f:263:14:263:29":16,"s:264:16:264:Infinity":90,"f:264:16:264:29":17,"s:264:38:264:43":91,"s:265:16:265:Infinity":92,"b:270:26:270:47:270:47:270:Infinity":31,"b:276:9:276:21:276:21:276:Infinity:277:10:279:Infinity":32,"f:287:26:287:31":18,"s:288:31:288:Infinity":93,"s:289:31:289:Infinity":94,"s:292:14:292:Infinity":95,"b:294:12:304:Infinity:undefined:undefined:undefined:undefined":33,"s:294:12:304:Infinity":96,"b:295:14:303:Infinity:298:21:303:Infinity":34,"s:295:14:303:Infinity":97,"s:296:16:297:Infinity":98,"b:298:21:303:Infinity:301:21:303:Infinity":35,"s:298:21:303:Infinity":99,"s:299:16:300:Infinity":100,"s:302:16:302:Infinity":101,"s:306:12:328:Infinity":102,"f:310:16:310:31":19,"s:310:31:310:Infinity":103,"b:319:20:321:21:321:20:323:Infinity":36,"b:325:17:325:31:325:31:325:48:325:48:325:Infinity":37,"b:326:17:326:31:326:31:326:45:326:45:326:63:326:63:326:Infinity":38,"b:327:17:327:32:327:32:327:Infinity":39,"b:334:9:334:Infinity:335:10:340:Infinity":40},"fnNames":{}}}
,"/Users/swapnilshrivastava/Projects/GameTime/src/engine/aiEngine.ts": {"path":"/Users/swapnilshrivastava/Projects/GameTime/src/engine/aiEngine.ts","statementMap":{"0":{"start":{"line":4,"column":134},"end":{"line":121,"column":null}},"1":{"start":{"line":128,"column":20},"end":{"line":128,"column":null}},"2":{"start":{"line":129,"column":2},"end":{"line":163,"column":null}},"3":{"start":{"line":130,"column":4},"end":{"line":162,"column":null}},"4":{"start":{"line":131,"column":23},"end":{"line":131,"column":null}},"5":{"start":{"line":133,"column":8},"end":{"line":137,"column":null}},"6":{"start":{"line":139,"column":25},"end":{"line":143,"column":null}},"7":{"start":{"line":146,"column":23},"end":{"line":153,"column":null}},"8":{"start":{"line":155,"column":6},"end":{"line":159,"column":null}},"9":{"start":{"line":156,"column":21},"end":{"line":156,"column":null}},"10":{"start":{"line":157,"column":21},"end":{"line":157,"column":null}},"11":{"start":{"line":158,"column":8},"end":{"line":158,"column":null}},"12":{"start":{"line":158,"column":18},"end":{"line":158,"column":null}},"13":{"start":{"line":166,"column":2},"end":{"line":178,"column":null}},"14":{"start":{"line":167,"column":4},"end":{"line":167,"column":null}},"15":{"start":{"line":167,"column":24},"end":{"line":167,"column":null}},"16":{"start":{"line":168,"column":4},"end":{"line":168,"column":null}},"17":{"start":{"line":168,"column":24},"end":{"line":168,"column":null}},"18":{"start":{"line":169,"column":4},"end":{"line":169,"column":null}},"19":{"start":{"line":170,"column":9},"end":{"line":178,"column":null}},"20":{"start":{"line":171,"column":4},"end":{"line":171,"column":null}},"21":{"start":{"line":171,"column":24},"end":{"line":171,"column":null}},"22":{"start":{"line":172,"column":4},"end":{"line":172,"column":null}},"23":{"start":{"line":172,"column":24},"end":{"line":172,"column":null}},"24":{"start":{"line":173,"column":4},"end":{"line":173,"column":null}},"25":{"start":{"line":175,"column":4},"end":{"line":175,"column":null}},"26":{"start":{"line":175,"column":24},"end":{"line":175,"column":null}},"27":{"start":{"line":176,"column":4},"end":{"line":176,"column":null}},"28":{"start":{"line":176,"column":24},"end":{"line":176,"column":null}},"29":{"start":{"line":177,"column":4},"end":{"line":177,"column":null}},"30":{"start":{"line":185,"column":20},"end":{"line":185,"column":null}},"31":{"start":{"line":186,"column":2},"end":{"line":186,"column":null}},"32":{"start":{"line":186,"column":62},"end":{"line":186,"column":null}},"33":{"start":{"line":188,"column":2},"end":{"line":263,"column":null}},"34":{"start":{"line":189,"column":21},"end":{"line":189,"column":null}},"35":{"start":{"line":191,"column":23},"end":{"line":196,"column":null}},"36":{"start":{"line":225,"column":21},"end":{"line":235,"column":null}},"37":{"start":{"line":237,"column":4},"end":{"line":237,"column":null}},"38":{"start":{"line":237,"column":22},"end":{"line":237,"column":null}},"39":{"start":{"line":239,"column":17},"end":{"line":239,"column":null}},"40":{"start":{"line":240,"column":20},"end":{"line":240,"column":null}},"41":{"start":{"line":241,"column":4},"end":{"line":241,"column":null}},"42":{"start":{"line":241,"column":18},"end":{"line":241,"column":null}},"43":{"start":{"line":243,"column":19},"end":{"line":243,"column":null}},"44":{"start":{"line":244,"column":4},"end":{"line":244,"column":null}},"45":{"start":{"line":244,"column":54},"end":{"line":244,"column":null}},"46":{"start":{"line":246,"column":31},"end":{"line":246,"column":null}},"47":{"start":{"line":247,"column":4},"end":{"line":247,"column":null}},"48":{"start":{"line":247,"column":51},"end":{"line":247,"column":76}},"49":{"start":{"line":248,"column":4},"end":{"line":248,"column":null}},"50":{"start":{"line":248,"column":32},"end":{"line":248,"column":null}},"51":{"start":{"line":250,"column":16},"end":{"line":250,"column":null}},"52":{"start":{"line":251,"column":26},"end":{"line":251,"column":null}},"53":{"start":{"line":253,"column":4},"end":{"line":259,"column":null}},"54":{"start":{"line":261,"column":4},"end":{"line":261,"column":null}},"55":{"start":{"line":262,"column":4},"end":{"line":262,"column":null}},"56":{"start":{"line":267,"column":14},"end":{"line":267,"column":null}},"57":{"start":{"line":268,"column":21},"end":{"line":268,"column":null}},"58":{"start":{"line":270,"column":2},"end":{"line":283,"column":null}},"59":{"start":{"line":271,"column":24},"end":{"line":271,"column":null}},"60":{"start":{"line":272,"column":4},"end":{"line":280,"column":null}},"61":{"start":{"line":273,"column":6},"end":{"line":273,"column":null}},"62":{"start":{"line":274,"column":11},"end":{"line":280,"column":null}},"63":{"start":{"line":275,"column":6},"end":{"line":275,"column":null}},"64":{"start":{"line":276,"column":11},"end":{"line":280,"column":null}},"65":{"start":{"line":277,"column":6},"end":{"line":277,"column":null}},"66":{"start":{"line":279,"column":6},"end":{"line":279,"column":null}},"67":{"start":{"line":282,"column":4},"end":{"line":282,"column":null}},"68":{"start":{"line":285,"column":29},"end":{"line":285,"column":null}},"69":{"start":{"line":286,"column":2},"end":{"line":288,"column":null}},"70":{"start":{"line":287,"column":4},"end":{"line":287,"column":null}},"71":{"start":{"line":290,"column":24},"end":{"line":290,"column":null}},"72":{"start":{"line":292,"column":2},"end":{"line":298,"column":null}}},"fnMap":{"0":{"name":"fetchPersonaHint","decl":{"start":{"line":123,"column":22},"end":{"line":123,"column":null}},"loc":{"start":{"line":127,"column":19},"end":{"line":179,"column":null}},"line":127},"1":{"name":"fetchLiveGeminiConnectionsPuzzle","decl":{"start":{"line":181,"column":22},"end":{"line":181,"column":null}},"loc":{"start":{"line":184,"column":37},"end":{"line":264,"column":null}},"line":184},"2":{"name":"(anonymous_2)","decl":{"start":{"line":247,"column":18},"end":{"line":247,"column":27}},"loc":{"start":{"line":247,"column":51},"end":{"line":247,"column":76}},"line":247},"3":{"name":"generateAIConnectionsPuzzle","decl":{"start":{"line":266,"column":16},"end":{"line":266,"column":44}},"loc":{"start":{"line":266,"column":100},"end":{"line":299,"column":null}},"line":266},"4":{"name":"(anonymous_4)","decl":{"start":{"line":286,"column":22},"end":{"line":286,"column":31}},"loc":{"start":{"line":286,"column":37},"end":{"line":288,"column":3}},"line":286}},"branchMap":{"0":{"loc":{"start":{"line":129,"column":2},"end":{"line":163,"column":null}},"type":"if","locations":[{"start":{"line":129,"column":2},"end":{"line":163,"column":null}},{"start":{},"end":{}}],"line":129},"1":{"loc":{"start":{"line":129,"column":6},"end":{"line":129,"column":61}},"type":"binary-expr","locations":[{"start":{"line":129,"column":6},"end":{"line":129,"column":19}},{"start":{"line":129,"column":19},"end":{"line":129,"column":61}}],"line":129},"2":{"loc":{"start":{"line":133,"column":8},"end":{"line":137,"column":null}},"type":"cond-expr","locations":[{"start":{"line":134,"column":12},"end":{"line":134,"column":null}},{"start":{"line":135,"column":12},"end":{"line":137,"column":null}}],"line":133},"3":{"loc":{"start":{"line":135,"column":12},"end":{"line":137,"column":null}},"type":"cond-expr","locations":[{"start":{"line":136,"column":12},"end":{"line":136,"column":null}},{"start":{"line":137,"column":12},"end":{"line":137,"column":null}}],"line":135},"4":{"loc":{"start":{"line":155,"column":6},"end":{"line":159,"column":null}},"type":"if","locations":[{"start":{"line":155,"column":6},"end":{"line":159,"column":null}},{"start":{},"end":{}}],"line":155},"5":{"loc":{"start":{"line":158,"column":8},"end":{"line":158,"column":null}},"type":"if","locations":[{"start":{"line":158,"column":8},"end":{"line":158,"column":null}},{"start":{},"end":{}}],"line":158},"6":{"loc":{"start":{"line":166,"column":2},"end":{"line":178,"column":null}},"type":"if","locations":[{"start":{"line":166,"column":2},"end":{"line":178,"column":null}},{"start":{"line":170,"column":9},"end":{"line":178,"column":null}}],"line":166},"7":{"loc":{"start":{"line":167,"column":4},"end":{"line":167,"column":null}},"type":"if","locations":[{"start":{"line":167,"column":4},"end":{"line":167,"column":null}},{"start":{},"end":{}}],"line":167},"8":{"loc":{"start":{"line":168,"column":4},"end":{"line":168,"column":null}},"type":"if","locations":[{"start":{"line":168,"column":4},"end":{"line":168,"column":null}},{"start":{},"end":{}}],"line":168},"9":{"loc":{"start":{"line":170,"column":9},"end":{"line":178,"column":null}},"type":"if","locations":[{"start":{"line":170,"column":9},"end":{"line":178,"column":null}},{"start":{"line":174,"column":9},"end":{"line":178,"column":null}}],"line":170},"10":{"loc":{"start":{"line":171,"column":4},"end":{"line":171,"column":null}},"type":"if","locations":[{"start":{"line":171,"column":4},"end":{"line":171,"column":null}},{"start":{},"end":{}}],"line":171},"11":{"loc":{"start":{"line":172,"column":4},"end":{"line":172,"column":null}},"type":"if","locations":[{"start":{"line":172,"column":4},"end":{"line":172,"column":null}},{"start":{},"end":{}}],"line":172},"12":{"loc":{"start":{"line":175,"column":4},"end":{"line":175,"column":null}},"type":"if","locations":[{"start":{"line":175,"column":4},"end":{"line":175,"column":null}},{"start":{},"end":{}}],"line":175},"13":{"loc":{"start":{"line":176,"column":4},"end":{"line":176,"column":null}},"type":"if","locations":[{"start":{"line":176,"column":4},"end":{"line":176,"column":null}},{"start":{},"end":{}}],"line":176},"14":{"loc":{"start":{"line":185,"column":20},"end":{"line":185,"column":null}},"type":"binary-expr","locations":[{"start":{"line":185,"column":20},"end":{"line":185,"column":30}},{"start":{"line":185,"column":30},"end":{"line":185,"column":null}}],"line":185},"15":{"loc":{"start":{"line":186,"column":2},"end":{"line":186,"column":null}},"type":"if","locations":[{"start":{"line":186,"column":2},"end":{"line":186,"column":null}},{"start":{},"end":{}}],"line":186},"16":{"loc":{"start":{"line":186,"column":6},"end":{"line":186,"column":62}},"type":"binary-expr","locations":[{"start":{"line":186,"column":6},"end":{"line":186,"column":20}},{"start":{"line":186,"column":20},"end":{"line":186,"column":62}}],"line":186},"17":{"loc":{"start":{"line":237,"column":4},"end":{"line":237,"column":null}},"type":"if","locations":[{"start":{"line":237,"column":4},"end":{"line":237,"column":null}},{"start":{},"end":{}}],"line":237},"18":{"loc":{"start":{"line":241,"column":4},"end":{"line":241,"column":null}},"type":"if","locations":[{"start":{"line":241,"column":4},"end":{"line":241,"column":null}},{"start":{},"end":{}}],"line":241},"19":{"loc":{"start":{"line":244,"column":4},"end":{"line":244,"column":null}},"type":"if","locations":[{"start":{"line":244,"column":4},"end":{"line":244,"column":null}},{"start":{},"end":{}}],"line":244},"20":{"loc":{"start":{"line":244,"column":8},"end":{"line":244,"column":54}},"type":"binary-expr","locations":[{"start":{"line":244,"column":8},"end":{"line":244,"column":26}},{"start":{"line":244,"column":26},"end":{"line":244,"column":54}}],"line":244},"21":{"loc":{"start":{"line":248,"column":4},"end":{"line":248,"column":null}},"type":"if","locations":[{"start":{"line":248,"column":4},"end":{"line":248,"column":null}},{"start":{},"end":{}}],"line":248},"22":{"loc":{"start":{"line":255,"column":13},"end":{"line":255,"column":null}},"type":"binary-expr","locations":[{"start":{"line":255,"column":13},"end":{"line":255,"column":29}},{"start":{"line":255,"column":29},"end":{"line":255,"column":null}}],"line":255},"23":{"loc":{"start":{"line":270,"column":2},"end":{"line":283,"column":null}},"type":"if","locations":[{"start":{"line":270,"column":2},"end":{"line":283,"column":null}},{"start":{"line":281,"column":9},"end":{"line":283,"column":null}}],"line":270},"24":{"loc":{"start":{"line":270,"column":6},"end":{"line":270,"column":52}},"type":"binary-expr","locations":[{"start":{"line":270,"column":6},"end":{"line":270,"column":21}},{"start":{"line":270,"column":21},"end":{"line":270,"column":52}}],"line":270},"25":{"loc":{"start":{"line":272,"column":4},"end":{"line":280,"column":null}},"type":"if","locations":[{"start":{"line":272,"column":4},"end":{"line":280,"column":null}},{"start":{"line":274,"column":11},"end":{"line":280,"column":null}}],"line":272},"26":{"loc":{"start":{"line":272,"column":8},"end":{"line":272,"column":105}},"type":"binary-expr","locations":[{"start":{"line":272,"column":8},"end":{"line":272,"column":41}},{"start":{"line":272,"column":41},"end":{"line":272,"column":73}},{"start":{"line":272,"column":73},"end":{"line":272,"column":105}}],"line":272},"27":{"loc":{"start":{"line":274,"column":11},"end":{"line":280,"column":null}},"type":"if","locations":[{"start":{"line":274,"column":11},"end":{"line":280,"column":null}},{"start":{"line":276,"column":11},"end":{"line":280,"column":null}}],"line":274},"28":{"loc":{"start":{"line":274,"column":15},"end":{"line":274,"column":113}},"type":"binary-expr","locations":[{"start":{"line":274,"column":15},"end":{"line":274,"column":47}},{"start":{"line":274,"column":47},"end":{"line":274,"column":79}},{"start":{"line":274,"column":79},"end":{"line":274,"column":113}}],"line":274},"29":{"loc":{"start":{"line":276,"column":11},"end":{"line":280,"column":null}},"type":"if","locations":[{"start":{"line":276,"column":11},"end":{"line":280,"column":null}},{"start":{"line":278,"column":11},"end":{"line":280,"column":null}}],"line":276},"30":{"loc":{"start":{"line":276,"column":15},"end":{"line":276,"column":109}},"type":"binary-expr","locations":[{"start":{"line":276,"column":15},"end":{"line":276,"column":47}},{"start":{"line":276,"column":47},"end":{"line":276,"column":79}},{"start":{"line":276,"column":79},"end":{"line":276,"column":109}}],"line":276},"31":{"loc":{"start":{"line":294,"column":11},"end":{"line":294,"column":null}},"type":"cond-expr","locations":[{"start":{"line":294,"column":25},"end":{"line":294,"column":69}},{"start":{"line":294,"column":69},"end":{"line":294,"column":null}}],"line":294}},"s":{"0":4,"1":4,"2":4,"3":1,"4":1,"5":1,"6":1,"7":1,"8":1,"9":1,"10":1,"11":1,"12":1,"13":3,"14":1,"15":1,"16":0,"17":0,"18":0,"19":2,"20":1,"21":1,"22":0,"23":0,"24":0,"25":1,"26":1,"27":0,"28":0,"29":0,"30":4,"31":4,"32":0,"33":4,"34":4,"35":4,"36":4,"37":4,"38":2,"39":2,"40":2,"41":4,"42":0,"43":2,"44":2,"45":0,"46":1,"47":1,"48":4,"49":1,"50":0,"51":1,"52":1,"53":1,"54":1,"55":1,"56":13,"57":13,"58":13,"59":12,"60":12,"61":2,"62":10,"63":9,"64":1,"65":1,"66":0,"67":1,"68":13,"69":13,"70":52,"71":13,"72":13},"f":{"0":4,"1":4,"2":4,"3":13,"4":52},"b":{"0":[1,3],"1":[4,1],"2":[1,0],"3":[0,0],"4":[1,0],"5":[1,0],"6":[1,2],"7":[1,0],"8":[0,0],"9":[1,1],"10":[1,0],"11":[0,0],"12":[1,0],"13":[0,0],"14":[4,0],"15":[0,4],"16":[4,4],"17":[2,2],"18":[0,4],"19":[0,2],"20":[2,1],"21":[0,1],"22":[1,0],"23":[12,1],"24":[13,12],"25":[2,10],"26":[12,11,11],"27":[9,1],"28":[10,2,1],"29":[1,0],"30":[1,0,0],"31":[12,1]},"meta":{"lastBranch":32,"lastFunction":5,"lastStatement":73,"seen":{"s:4:134:121:Infinity":0,"f:123:22:123:Infinity":0,"s:128:20:128:Infinity":1,"b:129:2:163:Infinity:undefined:undefined:undefined:undefined":0,"s:129:2:163:Infinity":2,"b:129:6:129:19:129:19:129:61":1,"s:130:4:162:Infinity":3,"s:131:23:131:Infinity":4,"s:133:8:137:Infinity":5,"b:134:12:134:Infinity:135:12:137:Infinity":2,"b:136:12:136:Infinity:137:12:137:Infinity":3,"s:139:25:143:Infinity":6,"s:146:23:153:Infinity":7,"b:155:6:159:Infinity:undefined:undefined:undefined:undefined":4,"s:155:6:159:Infinity":8,"s:156:21:156:Infinity":9,"s:157:21:157:Infinity":10,"b:158:8:158:Infinity:undefined:undefined:undefined:undefined":5,"s:158:8:158:Infinity":11,"s:158:18:158:Infinity":12,"b:166:2:178:Infinity:170:9:178:Infinity":6,"s:166:2:178:Infinity":13,"b:167:4:167:Infinity:undefined:undefined:undefined:undefined":7,"s:167:4:167:Infinity":14,"s:167:24:167:Infinity":15,"b:168:4:168:Infinity:undefined:undefined:undefined:undefined":8,"s:168:4:168:Infinity":16,"s:168:24:168:Infinity":17,"s:169:4:169:Infinity":18,"b:170:9:178:Infinity:174:9:178:Infinity":9,"s:170:9:178:Infinity":19,"b:171:4:171:Infinity:undefined:undefined:undefined:undefined":10,"s:171:4:171:Infinity":20,"s:171:24:171:Infinity":21,"b:172:4:172:Infinity:undefined:undefined:undefined:undefined":11,"s:172:4:172:Infinity":22,"s:172:24:172:Infinity":23,"s:173:4:173:Infinity":24,"b:175:4:175:Infinity:undefined:undefined:undefined:undefined":12,"s:175:4:175:Infinity":25,"s:175:24:175:Infinity":26,"b:176:4:176:Infinity:undefined:undefined:undefined:undefined":13,"s:176:4:176:Infinity":27,"s:176:24:176:Infinity":28,"s:177:4:177:Infinity":29,"f:181:22:181:Infinity":1,"s:185:20:185:Infinity":30,"b:185:20:185:30:185:30:185:Infinity":14,"b:186:2:186:Infinity:undefined:undefined:undefined:undefined":15,"s:186:2:186:Infinity":31,"b:186:6:186:20:186:20:186:62":16,"s:186:62:186:Infinity":32,"s:188:2:263:Infinity":33,"s:189:21:189:Infinity":34,"s:191:23:196:Infinity":35,"s:225:21:235:Infinity":36,"b:237:4:237:Infinity:undefined:undefined:undefined:undefined":17,"s:237:4:237:Infinity":37,"s:237:22:237:Infinity":38,"s:239:17:239:Infinity":39,"s:240:20:240:Infinity":40,"b:241:4:241:Infinity:undefined:undefined:undefined:undefined":18,"s:241:4:241:Infinity":41,"s:241:18:241:Infinity":42,"s:243:19:243:Infinity":43,"b:244:4:244:Infinity:undefined:undefined:undefined:undefined":19,"s:244:4:244:Infinity":44,"b:244:8:244:26:244:26:244:54":20,"s:244:54:244:Infinity":45,"s:246:31:246:Infinity":46,"s:247:4:247:Infinity":47,"f:247:18:247:27":2,"s:247:51:247:76":48,"b:248:4:248:Infinity:undefined:undefined:undefined:undefined":21,"s:248:4:248:Infinity":49,"s:248:32:248:Infinity":50,"s:250:16:250:Infinity":51,"s:251:26:251:Infinity":52,"s:253:4:259:Infinity":53,"b:255:13:255:29:255:29:255:Infinity":22,"s:261:4:261:Infinity":54,"s:262:4:262:Infinity":55,"f:266:16:266:44":3,"s:267:14:267:Infinity":56,"s:268:21:268:Infinity":57,"b:270:2:283:Infinity:281:9:283:Infinity":23,"s:270:2:283:Infinity":58,"b:270:6:270:21:270:21:270:52":24,"s:271:24:271:Infinity":59,"b:272:4:280:Infinity:274:11:280:Infinity":25,"s:272:4:280:Infinity":60,"b:272:8:272:41:272:41:272:73:272:73:272:105":26,"s:273:6:273:Infinity":61,"b:274:11:280:Infinity:276:11:280:Infinity":27,"s:274:11:280:Infinity":62,"b:274:15:274:47:274:47:274:79:274:79:274:113":28,"s:275:6:275:Infinity":63,"b:276:11:280:Infinity:278:11:280:Infinity":29,"s:276:11:280:Infinity":64,"b:276:15:276:47:276:47:276:79:276:79:276:109":30,"s:277:6:277:Infinity":65,"s:279:6:279:Infinity":66,"s:282:4:282:Infinity":67,"s:285:29:285:Infinity":68,"s:286:2:288:Infinity":69,"f:286:22:286:31":4,"s:287:4:287:Infinity":70,"s:290:24:290:Infinity":71,"s:292:2:298:Infinity":72,"b:294:25:294:69:294:69:294:Infinity":31},"fnNames":{}}}
,"/Users/swapnilshrivastava/Projects/GameTime/src/engine/logicEngine.ts": {"path":"/Users/swapnilshrivastava/Projects/GameTime/src/engine/logicEngine.ts","statementMap":{"0":{"start":{"line":20,"column":20},"end":{"line":20,"column":null}},"1":{"start":{"line":21,"column":14},"end":{"line":21,"column":null}},"2":{"start":{"line":24,"column":4},"end":{"line":24,"column":null}},"3":{"start":{"line":26,"column":41},"end":{"line":37,"column":null}},"4":{"start":{"line":38,"column":27},"end":{"line":38,"column":null}},"5":{"start":{"line":42,"column":2},"end":{"line":76,"column":null}},"6":{"start":{"line":44,"column":6},"end":{"line":44,"column":null}},"7":{"start":{"line":45,"column":6},"end":{"line":45,"column":null}},"8":{"start":{"line":47,"column":6},"end":{"line":47,"column":null}},"9":{"start":{"line":48,"column":6},"end":{"line":48,"column":null}},"10":{"start":{"line":50,"column":6},"end":{"line":50,"column":null}},"11":{"start":{"line":51,"column":6},"end":{"line":51,"column":null}},"12":{"start":{"line":53,"column":6},"end":{"line":53,"column":null}},"13":{"start":{"line":54,"column":6},"end":{"line":54,"column":null}},"14":{"start":{"line":56,"column":6},"end":{"line":56,"column":null}},"15":{"start":{"line":57,"column":6},"end":{"line":57,"column":null}},"16":{"start":{"line":59,"column":6},"end":{"line":59,"column":null}},"17":{"start":{"line":60,"column":6},"end":{"line":60,"column":null}},"18":{"start":{"line":62,"column":6},"end":{"line":62,"column":null}},"19":{"start":{"line":63,"column":6},"end":{"line":63,"column":null}},"20":{"start":{"line":65,"column":6},"end":{"line":65,"column":null}},"21":{"start":{"line":66,"column":6},"end":{"line":66,"column":null}},"22":{"start":{"line":68,"column":6},"end":{"line":68,"column":null}},"23":{"start":{"line":69,"column":6},"end":{"line":69,"column":null}},"24":{"start":{"line":71,"column":6},"end":{"line":71,"column":null}},"25":{"start":{"line":72,"column":6},"end":{"line":72,"column":null}},"26":{"start":{"line":74,"column":6},"end":{"line":74,"column":null}},"27":{"start":{"line":75,"column":6},"end":{"line":75,"column":null}},"28":{"start":{"line":78,"column":2},"end":{"line":78,"column":null}},"29":{"start":{"line":79,"column":2},"end":{"line":79,"column":null}}},"fnMap":{"0":{"name":"generateAptitudePuzzle","decl":{"start":{"line":14,"column":16},"end":{"line":14,"column":null}},"loc":{"start":{"line":19,"column":18},"end":{"line":80,"column":null}},"line":19}},"branchMap":{"0":{"loc":{"start":{"line":18,"column":2},"end":{"line":18,"column":null}},"type":"default-arg","locations":[{"start":{"line":18,"column":22},"end":{"line":18,"column":null}}],"line":18},"1":{"loc":{"start":{"line":20,"column":20},"end":{"line":20,"column":null}},"type":"binary-expr","locations":[{"start":{"line":20,"column":20},"end":{"line":20,"column":29}},{"start":{"line":20,"column":29},"end":{"line":20,"column":null}}],"line":20},"2":{"loc":{"start":{"line":24,"column":4},"end":{"line":24,"column":null}},"type":"cond-expr","locations":[{"start":{"line":24,"column":24},"end":{"line":24,"column":37}},{"start":{"line":24,"column":37},"end":{"line":24,"column":null}}],"line":24},"3":{"loc":{"start":{"line":24,"column":37},"end":{"line":24,"column":null}},"type":"cond-expr","locations":[{"start":{"line":24,"column":57},"end":{"line":24,"column":74}},{"start":{"line":24,"column":74},"end":{"line":24,"column":null}}],"line":24},"4":{"loc":{"start":{"line":38,"column":27},"end":{"line":38,"column":null}},"type":"binary-expr","locations":[{"start":{"line":38,"column":27},"end":{"line":38,"column":39}},{"start":{"line":38,"column":39},"end":{"line":38,"column":null}}],"line":38},"5":{"loc":{"start":{"line":42,"column":2},"end":{"line":76,"column":null}},"type":"switch","locations":[{"start":{"line":43,"column":4},"end":{"line":45,"column":null}},{"start":{"line":46,"column":4},"end":{"line":48,"column":null}},{"start":{"line":49,"column":4},"end":{"line":51,"column":null}},{"start":{"line":52,"column":4},"end":{"line":54,"column":null}},{"start":{"line":55,"column":4},"end":{"line":57,"column":null}},{"start":{"line":58,"column":4},"end":{"line":60,"column":null}},{"start":{"line":61,"column":4},"end":{"line":63,"column":null}},{"start":{"line":64,"column":4},"end":{"line":66,"column":null}},{"start":{"line":67,"column":4},"end":{"line":69,"column":null}},{"start":{"line":70,"column":4},"end":{"line":72,"column":null}},{"start":{"line":73,"column":4},"end":{"line":75,"column":null}}],"line":42}},"s":{"0":15,"1":15,"2":15,"3":15,"4":15,"5":15,"6":11,"7":11,"8":1,"9":1,"10":0,"11":0,"12":1,"13":1,"14":0,"15":0,"16":1,"17":1,"18":0,"19":0,"20":0,"21":0,"22":0,"23":0,"24":1,"25":1,"26":0,"27":0,"28":15,"29":15},"f":{"0":15},"b":{"0":[15],"1":[15,10],"2":[13,2],"3":[1,1],"4":[15,12],"5":[11,1,0,1,0,1,0,0,0,1,0]},"meta":{"lastBranch":6,"lastFunction":1,"lastStatement":30,"seen":{"f:14:16:14:Infinity":0,"b:18:22:18:Infinity":0,"s:20:20:20:Infinity":0,"b:20:20:20:29:20:29:20:Infinity":1,"s:21:14:21:Infinity":1,"s:24:4:24:Infinity":2,"b:24:24:24:37:24:37:24:Infinity":2,"b:24:57:24:74:24:74:24:Infinity":3,"s:26:41:37:Infinity":3,"s:38:27:38:Infinity":4,"b:38:27:38:39:38:39:38:Infinity":4,"b:43:4:45:Infinity:46:4:48:Infinity:49:4:51:Infinity:52:4:54:Infinity:55:4:57:Infinity:58:4:60:Infinity:61:4:63:Infinity:64:4:66:Infinity:67:4:69:Infinity:70:4:72:Infinity:73:4:75:Infinity":5,"s:42:2:76:Infinity":5,"s:44:6:44:Infinity":6,"s:45:6:45:Infinity":7,"s:47:6:47:Infinity":8,"s:48:6:48:Infinity":9,"s:50:6:50:Infinity":10,"s:51:6:51:Infinity":11,"s:53:6:53:Infinity":12,"s:54:6:54:Infinity":13,"s:56:6:56:Infinity":14,"s:57:6:57:Infinity":15,"s:59:6:59:Infinity":16,"s:60:6:60:Infinity":17,"s:62:6:62:Infinity":18,"s:63:6:63:Infinity":19,"s:65:6:65:Infinity":20,"s:66:6:66:Infinity":21,"s:68:6:68:Infinity":22,"s:69:6:69:Infinity":23,"s:71:6:71:Infinity":24,"s:72:6:72:Infinity":25,"s:74:6:74:Infinity":26,"s:75:6:75:Infinity":27,"s:78:2:78:Infinity":28,"s:79:2:79:Infinity":29},"fnNames":{}}}
,"/Users/swapnilshrivastava/Projects/GameTime/src/engine/modifierEngine.ts": {"path":"/Users/swapnilshrivastava/Projects/GameTime/src/engine/modifierEngine.ts","statementMap":{"0":{"start":{"line":3,"column":43},"end":{"line":36,"column":null}},"1":{"start":{"line":39,"column":2},"end":{"line":39,"column":null}},"2":{"start":{"line":39,"column":32},"end":{"line":39,"column":43}},"3":{"start":{"line":43,"column":2},"end":{"line":43,"column":null}},"4":{"start":{"line":43,"column":23},"end":{"line":43,"column":null}},"5":{"start":{"line":44,"column":2},"end":{"line":44,"column":null}},"6":{"start":{"line":48,"column":2},"end":{"line":56,"column":null}},"7":{"start":{"line":49,"column":4},"end":{"line":49,"column":null}},"8":{"start":{"line":49,"column":42},"end":{"line":49,"column":52}},"9":{"start":{"line":52,"column":4},"end":{"line":54,"column":null}},"10":{"start":{"line":53,"column":6},"end":{"line":53,"column":null}},"11":{"start":{"line":55,"column":4},"end":{"line":55,"column":null}}},"fnMap":{"0":{"name":"getRelicById","decl":{"start":{"line":38,"column":16},"end":{"line":38,"column":29}},"loc":{"start":{"line":38,"column":77},"end":{"line":40,"column":null}},"line":38},"1":{"name":"(anonymous_1)","decl":{"start":{"line":39,"column":20},"end":{"line":39,"column":26}},"loc":{"start":{"line":39,"column":32},"end":{"line":39,"column":43}},"line":39},"2":{"name":"isRelicActive","decl":{"start":{"line":42,"column":16},"end":{"line":42,"column":30}},"loc":{"start":{"line":42,"column":107},"end":{"line":45,"column":null}},"line":42},"3":{"name":"toggleRelicInList","decl":{"start":{"line":47,"column":16},"end":{"line":47,"column":34}},"loc":{"start":{"line":47,"column":114},"end":{"line":57,"column":null}},"line":47},"4":{"name":"(anonymous_4)","decl":{"start":{"line":49,"column":26},"end":{"line":49,"column":34}},"loc":{"start":{"line":49,"column":42},"end":{"line":49,"column":52}},"line":49}},"branchMap":{"0":{"loc":{"start":{"line":43,"column":2},"end":{"line":43,"column":null}},"type":"if","locations":[{"start":{"line":43,"column":2},"end":{"line":43,"column":null}},{"start":{},"end":{}}],"line":43},"1":{"loc":{"start":{"line":47,"column":34},"end":{"line":47,"column":74}},"type":"default-arg","locations":[{"start":{"line":47,"column":70},"end":{"line":47,"column":74}}],"line":47},"2":{"loc":{"start":{"line":48,"column":2},"end":{"line":56,"column":null}},"type":"if","locations":[{"start":{"line":48,"column":2},"end":{"line":56,"column":null}},{"start":{"line":50,"column":9},"end":{"line":56,"column":null}}],"line":48},"3":{"loc":{"start":{"line":52,"column":4},"end":{"line":54,"column":null}},"type"
[...]
"12":{"start":{"line":18,"column":4},"end":{"line":18,"column":null}},"13":{"start":{"line":19,"column":21},"end":{"line":19,"column":null}},"14":{"start":{"line":20,"column":4},"end":{"line":23,"column":null}},"15":{"start":{"line":20,"column":17},"end":{"line":20,"column":20}},"16":{"start":{"line":21,"column":6},"end":{"line":21,"column":null}},"17":{"start":{"line":22,"column":6},"end":{"line":22,"column":null}},"18":{"start":{"line":24,"column":4},"end":{"line":24,"column":null}},"19":{"start":{"line":25,"column":4},"end":{"line":25,"column":null}},"20":{"start":{"line":28,"column":24},"end":{"line":28,"column":null}},"21":{"start":{"line":29,"column":4},"end":{"line":42,"column":null}},"22":{"start":{"line":30,"column":21},"end":{"line":30,"column":null}},"23":{"start":{"line":31,"column":6},"end":{"line":31,"column":null}},"24":{"start":{"line":32,"column":6},"end":{"line":32,"column":null}},"25":{"start":{"line":33,"column":6},"end":{"line":33,"column":null}},"26":{"start":{"line":34,"column":11},"end":{"line":42,"column":null}},"27":{"start":{"line":35,"column":6},"end":{"line":35,"column":null}},"28":{"start":{"line":36,"column":6},"end":{"line":36,"column":null}},"29":{"start":{"line":37,"column":6},"end":{"line":37,"column":null}},"30":{"start":{"line":39,"column":6},"end":{"line":39,"column":null}},"31":{"start":{"line":40,"column":6},"end":{"line":40,"column":null}},"32":{"start":{"line":41,"column":6},"end":{"line":41,"column":null}},"33":{"start":{"line":45,"column":31},"end":{"line":50,"column":null}},"34":{"start":{"line":52,"column":28},"end":{"line":52,"column":null}},"35":{"start":{"line":53,"column":15},"end":{"line":53,"column":null}},"36":{"start":{"line":55,"column":2},"end":{"line":60,"column":null}},"37":{"start":{"line":56,"column":4},"end":{"line":59,"column":null}},"38":{"start":{"line":57,"column":6},"end":{"line":57,"column":null}},"39":{"start":{"line":58,"column":6},"end":{"line":58,"column":null}},"40":{"start":{"line":63,"column":19},"end":{"line":63,"column":null}},"41":{"start":{"line":64,"column":2},"end":{"line":71,"column":null}},"42":{"start":{"line":65,"column":22},"end":{"line":65,"column":null}},"43":{"start":{"line":66,"column":4},"end":{"line":69,"column":null}},"44":{"start":{"line":67,"column":6},"end":{"line":67,"column":null}},"45":{"start":{"line":68,"column":6},"end":{"line":68,"column":null}},"46":{"start":{"line":70,"column":4},"end":{"line":70,"column":null}},"47":{"start":{"line":73,"column":2},"end":{"line":85,"column":null}}},"fnMap":{"0":{"name":"generateSeriesPuzzle","decl":{"start":{"line":4,"column":16},"end":{"line":4,"column":37}},"loc":{"start":{"line":4,"column":125},"end":{"line":86,"column":null}},"line":4}},"branchMap":{"0":{"loc":{"start":{"line":4,"column":84},"end":{"line":4,"column":125}},"type":"default-arg","locations":[{"start":{"line":4,"column":105},"end":{"line":4,"column":125}}],"line":4},"1":{"loc":{"start":{"line":9,"column":2},"end":{"line":43,"column":null}},"type":"if","locations":[{"start":{"line":9,"column":2},"end":{"line":43,"column":null}},{"start":{"line":15,"column":9},"end":{"line":43,"column":null}}],"line":9},"2":{"loc":{"start":{"line":15,"column":9},"end":{"line":43,"column":null}},"type":"if","locations":[{"start":{"line":15,"column":9},"end":{"line":43,"column":null}},{"start":{"line":26,"column":9},"end":{"line":43,"column":null}}],"line":15},"3":{"loc":{"start":{"line":29,"column":4},"end":{"line":42,"column":null}},"type":"if","locations":[{"start":{"line":29,"column":4},"end":{"line":42,"column":null}},{"start":{"line":34,"column":11},"end":{"line":42,"column":null}}],"line":29},"4":{"loc":{"start":{"line":34,"column":11},"end":{"line":42,"column":null}},"type":"if","locations":[{"start":{"line":34,"column":11},"end":{"line":42,"column":null}},{"start":{"line":38,"column":11},"end":{"line":42,"column":null}}],"line":34},"5":{"loc":{"start":{"line":56,"column":4},"end":{"line":59,"column":null}},"type":"if","locations":[{"start":{"line":56,"column":4},"end":{"line":59,"column":null}},{"start":{},"end":{}}],"line":56},"6":{"loc":{"start":{"line":66,"column":4},"end":{"line":69,"column":null}},"type":"if","locations":[{"start":{"line":66,"column":4},"end":{"line":69,"column":null}},{"start":{},"end":{}}],"line":66}},"s":{"0":101,"1":101,"2":101,"3":101,"4":34,"5":34,"6":34,"7":34,"8":34,"9":67,"10":34,"11":34,"12":34,"13":34,"14":34,"15":34,"16":102,"17":102,"18":34,"19":34,"20":33,"21":33,"22":10,"23":10,"24":10,"25":10,"26":23,"27":16,"28":16,"29":16,"30":7,"31":7,"32":7,"33":101,"34":101,"35":101,"36":101,"37":404,"38":404,"39":404,"40":101,"41":101,"42":0,"43":0,"44":0,"45":0,"46":0,"47":101},"f":{"0":101},"b":{"0":[101],"1":[34,67],"2":[34,33],"3":[10,23],"4":[16,7],"5":[404,0],"6":[0,0]},"meta":{"lastBranch":7,"lastFunction":1,"lastStatement":48,"seen":{"f:4:16:4:37":0,"b:4:105:4:125":0,"s:5:27:5:Infinity":0,"s:6:17:6:Infinity":1,"s:7:18:7:Infinity":2,"b:9:2:43:Infinity:15:9:43:Infinity":1,"s:9:2:43:Infinity":3,"s:10:18:10:Infinity":4,"s:11:17:11:Infinity":5,"s:12:4:12:Infinity":6,"s:13:4:13:Infinity":7,"s:14:4:14:Infinity":8,"b:15:9:43:Infinity:26:9:43:Infinity":2,"s:15:9:43:Infinity":9,"s:16:18:16:Infinity":10,"s:17:18:17:Infinity":11,"s:18:4:18:Infinity":12,"s:19:21:19:Infinity":13,"s:20:4:23:Infinity":14,"s:20:17:20:20":15,"s:21:6:21:Infinity":16,"s:22:6:22:Infinity":17,"s:24:4:24:Infinity":18,"s:25:4:25:Infinity":19,"s:28:24:28:Infinity":20,"b:29:4:42:Infinity:34:11:42:Infinity":3,"s:29:4:42:Infinity":21,"s:30:21:30:Infinity":22,"s:31:6:31:Infinity":23,"s:32:6:32:Infinity":24,"s:33:6:33:Infinity":25,"b:34:11:42:Infinity:38:11:42:Infinity":4,"s:34:11:42:Infinity":26,"s:35:6:35:Infinity":27,"s:36:6:36:Infinity":28,"s:37:6:37:Infinity":29,"s:39:6:39:Infinity":30,"s:40:6:40:Infinity":31,"s:41:6:41:Infinity":32,"s:45:31:50:Infinity":33,"s:52:28:52:Infinity":34,"s:53:15:53:Infinity":35,"s:55:2:60:Infinity":36,"b:56:4:59:Infinity:undefined:undefined:undefined:undefined":5,"s:56:4:59:Infinity":37,"s:57:6:57:Infinity":38,"s:58:6:58:Infinity":39,"s:63:19:63:Infinity":40,"s:64:2:71:Infinity":41,"s:65:22:65:Infinity":42,"b:66:4:69:Infinity:undefined:undefined:undefined:undefined":6,"s:66:4:69:Infinity":43,"s:67:6:67:Infinity":44,"s:68:6:68:Infinity":45,"s:70:4:70:Infinity":46,"s:73:2:85:Infinity":47},"fnNames":{}}}
,"/Users/swapnilshrivastava/Projects/GameTime/src/engine/categories/sports.ts": {"path":"/Users/swapnilshrivastava/Projects/GameTime/src/engine/categories/sports.ts","statementMap":{"0":{"start":{"line":14,"column":47},"end":{"line":150,"column":null}},"1":{"start":{"line":157,"column":20},"end":{"line":157,"column":null}},"2":{"start":{"line":157,"column":51},"end":{"line":157,"column":107}},"3":{"start":{"line":158,"column":15},"end":{"line":158,"column":null}},"4":{"start":{"line":160,"column":31},"end":{"line":162,"column":null}},"5":{"start":{"line":164,"column":2},"end":{"line":166,"column":null}},"6":{"start":{"line":165,"column":4},"end":{"line":165,"column":null}},"7":{"start":{"line":168,"column":28},"end":{"line":168,"column":null}},"8":{"start":{"line":169,"column":15},"end":{"line":169,"column":null}},"9":{"start":{"line":171,"column":2},"end":{"line":176,"column":null}},"10":{"start":{"line":172,"column":4},"end":{"line":175,"column":null}},"11":{"start":{"line":173,"column":6},"end":{"line":173,"column":null}},"12":{"start":{"line":174,"column":6},"end":{"line":174,"column":null}},"13":{"start":{"line":178,"column":25},"end":{"line":178,"column":null}},"14":{"start":{"line":179,"column":14},"end":{"line":179,"column":null}},"15":{"start":{"line":180,"column":2},"end":{"line":186,"column":null}},"16":{"start":{"line":181,"column":4},"end":{"line":184,"column":null}},"17":{"start":{"line":182,"column":6},"end":{"line":182,"column":null}},"18":{"start":{"line":183,"column":6},"end":{"line":183,"column":null}},"19":{"start":{"line":185,"column":4},"end":{"line":185,"column":null}},"20":{"start":{"line":188,"column":2},"end":{"line":198,"column":null}}},"fnMap":{"0":{"name":"generateSportsPuzzle","decl":{"start":{"line":152,"column":16},"end":{"line":152,"column":null}},"loc":{"start":{"line":156,"column":18},"end":{"line":199,"column":null}},"line":156},"1":{"name":"(anonymous_1)","decl":{"start":{"line":157,"column":37},"end":{"line":157,"column":45}},"loc":{"start":{"line":157,"column":51},"end":{"line":157,"column":107}},"line":157},"2":{"name":"(anonymous_2)","decl":{"start":{"line":164,"column":19},"end":{"line":164,"column":28}},"loc":{"start":{"line":164,"column":37},"end":{"line":166,"column":3}},"line":164}},"branchMap":{"0":{"loc":{"start":{"line":155,"column":2},"end":{"line":155,"column":null}},"type":"default-arg","locations":[{"start":{"line":155,"column":22},"end":{"line":155,"column":null}}],"line":155},"1":{"loc":{"start":{"line":158,"column":15},"end":{"line":158,"column":null}},"type":"cond-expr","locations":[{"start":{"line":158,"column":38},"end":{"line":158,"column":60}},{"start":{"line":158,"column":60},"end":{"line":158,"column":null}}],"line":158},"2":{"loc":{"start":{"line":172,"column":4},"end":{"line":175,"column":null}},"type":"if","locations":[{"start":{"line":172,"column":4},"end":{"line":175,"column":null}},{"start":{},"end":{}}],"line":172},"3":{"loc":{"start":{"line":180,"column":9},"end":{"line":180,"column":62}},"type":"binary-expr","locations":[{"start":{"line":180,"column":9},"end":{"line":180,"column":31}},{"start":{"line":180,"column":31},"end":{"line":180,"column":62}}],"line":180},"4":{"loc":{"start":{"line":181,"column":4},"end":{"line":184,"column":null}},"type":"if","locations":[{"start":{"line":181,"column":4},"end":{"line":184,"column":null}},{"start":{},"end":{}}],"line":181}},"s":{"0":2,"1":101,"2":1515,"3":101,"4":101,"5":101,"6":303,"7":101,"8":101,"9":101,"10":404,"11":404,"12":404,"13":101,"14":101,"15":101,"16":0,"17":0,"18":0,"19":0,"20":101},"f":{"0":101,"1":1515,"2":303},"b":{"0":[101],"1":[101,0],"2":[404,0],"3":[101,0],"4":[0,0]},"meta":{"lastBranch":5,"lastFunction":3,"lastStatement":21,"seen":{"s:14:47:150:Infinity":0,"f:152:16:152:Infinity":0,"b:155:22:155:Infinity":0,"s:157:20:157:Infinity":1,"f:157:37:157:45":1,"s:157:51:157:107":2,"s:158:15:158:Infinity":3,"b:158:38:158:60:158:60:158:Infinity":1,"s:160:31:162:Infinity":4,"s:164:2:166:Infinity":5,"f:164:19:164:28":2,"s:165:4:165:Infinity":6,"s:168:28:168:Infinity":7,"s:169:15:169:Infinity":8,"s:171:2:176:Infinity":9,"b:172:4:175:Infinity:undefined:undefined:undefined:undefined":2,"s:172:4:175:Infinity":10,"s:173:6:173:Infinity":11,"s:174:6:174:Infinity":12,"s:178:25:178:Infinity":13,"s:179:14:179:Infinity":14,"s:180:2:186:Infinity":15,"b:180:9:180:31:180:31:180:62":3,"b:181:4:184:Infinity:undefined:undefined:undefined:undefined":4,"s:181:4:184:Infinity":16,"s:182:6:182:Infinity":17,"s:183:6:183:Infinity":18,"s:185:4:185:Infinity":19,"s:188:2:198:Infinity":20},"fnNames":{}}}
,"/Users/swapnilshrivastava/Projects/GameTime/src/engine/categories/syllogisms.ts": {"path":"/Users/swapnilshrivastava/Projects/GameTime/src/engine/categories/syllogisms.ts","statementMap":{"0":{"start":{"line":14,"column":40},"end":{"line":78,"column":null}},"1":{"start":{"line":85,"column":20},"end":{"line":85,"column":null}},"2":{"start":{"line":85,"column":49},"end":{"line":85,"column":122}},"3":{"start":{"line":86,"column":15},"end":{"line":86,"column":null}},"4":{"start":{"line":88,"column":31},"end":{"line":93,"column":null}},"5":{"start":{"line":95,"column":28},"end":{"line":95,"column":null}},"6":{"start":{"line":96,"column":15},"end":{"line":96,"column":null}},"7":{"start":{"line":98,"column":2},"end":{"line":103,"column":null}},"8":{"start":{"line":99,"column":4},"end":{"line":102,"column":null}},"9":{"start":{"line":100,"column":6},"end":{"line":100,"column":null}},"10":{"start":{"line":101,"column":6},"end":{"line":101,"column":null}},"11":{"start":{"line":105,"column":2},"end":{"line":119,"column":null}}},"fnMap":{"0":{"name":"generateSyllogismPuzzle","decl":{"start":{"line":80,"column":16},"end":{"line":80,"column":null}},"loc":{"start":{"line":84,"column":18},"end":{"line":120,"column":null}},"line":84},"1":{"name":"(anonymous_1)","decl":{"start":{"line":85,"column":35},"end":{"line":85,"column":43}},"loc":{"start":{"line":85,"column":49},"end":{"line":85,"column":122}},"line":85}},"branchMap":{"0":{"loc":{"start":{"line":83,"column":2},"end":{"line":83,"column":null}},"type":"default-arg","locations":[{"start":{"line":83,"column":22},"end":{"line":83,"column":null}}],"line":83},"1":{"loc":{"start":{"line":86,"column":15},"end":{"line":86,"column":null}},"type":"cond-expr","locations":[{"start":{"line":86,"column":38},"end":{"line":86,"column":60}},{"start":{"line":86,"column":60},"end":{"line":86,"column":null}}],"line":86},"2":{"loc":{"start":{"line":99,"column":4},"end":{"line":102,"column":null}},"type":"if","locations":[{"start":{"line":99,"column":4},"end":{"line":102,"column":null}},{"start":{},"end":{}}],"line":99}},"s":{"0":2,"1":100,"2":700,"3":100,"4":100,"5":100,"6":100,"7":100,"8":400,"9":400,"10":400,"11":100},"f":{"0":100,"1":700},"b":{"0":[100],"1":[100,0],"2":[400,0]},"meta":{"lastBranch":3,"lastFunction":2,"lastStatement":12,"seen":{"s:14:40:78:Infinity":0,"f:80:16:80:Infinity":0,"b:83:22:83:Infinity":0,"s:85:20:85:Infinity":1,"f:85:35:85:43":1,"s:85:49:85:122":2,"s:86:15:86:Infinity":3,"b:86:38:86:60:86:60:86:Infinity":1,"s:88:31:93:Infinity":4,"s:95:28:95:Infinity":5,"s:96:15:96:Infinity":6,"s:98:2:103:Infinity":7,"b:99:4:102:Infinity:undefined:undefined:undefined:undefined":2,"s:99:4:102:Infinity":8,"s:100:6:100:Infinity":9,"s:101:6:101:Infinity":10,"s:105:2:119:Infinity":11},"fnNames":{}}}
,"/Users/swapnilshrivastava/Projects/GameTime/src/engine/categories/vennLogic.ts": {"path":"/Users/swapnilshrivastava/Projects/GameTime/src/engine/categories/vennLogic.ts","statementMap":{"0":{"start":{"line":11,"column":41},"end":{"line":72,"column":null}},"1":{"start":{"line":75,"column":21},"end":{"line":75,"column":null}},"2":{"start":{"line":77,"column":31},"end":{"line":82,"column":null}},"3":{"start":{"line":84,"column":28},"end":{"line":84,"column":null}},"4":{"start":{"line":85,"column":15},"end":{"line":85,"column":null}},"5":{"start":{"line":87,"column":2},"end":{"line":92,"column":null}},"6":{"start":{"line":88,"column":4},"end":{"line":91,"column":null}},"7":{"start":{"line":89,"column":6},"end":{"line":89,"column":null}},"8":{"start":{"line":90,"column":6},"end":{"line":90,"column":null}},"9":{"start":{"line":94,"column":73},"end":{"line":99,"column":null}},"10":{"start":{"line":101,"column":2},"end":{"line":111,"column":null}}},"fnMap":{"0":{"name":"generateVennPuzzle","decl":{"start":{"line":74,"column":16},"end":{"line":74,"column":35}},"loc":{"start":{"line":74,"column":123},"end":{"line":112,"column":null}},"line":74}},"branchMap":{"0":{"loc":{"start":{"line":74,"column":82},"end":{"line":74,"column":123}},"type":"default-arg","locations":[{"start":{"line":74,"column":103},"end":{"line":74,"column":123}}],"line":74},"1":{"loc":{"start":{"line":88,"column":4},"end":{"line":91,"column":null}},"type":"if","locations":[{"start":{"line":88,"column":4},"end":{"line":91,"column":null}},{"start":{},"end":{}}],"line":88}},"s":{"0":2,"1":100,"2":100,"3":100,"4":100,"5":100,"6":400,"7":400,"8":400,"9":100,"10":100},"f":{"0":100},"b":{"0":[100],"1":[400,0]},"meta":{"lastBranch":2,"lastFunction":1,"lastStatement":11,"seen":{"s:11:41:72:Infinity":0,"f:74:16:74:35":0,"b:74:103:74:123":0,"s:75:21:75:Infinity":1,"s:77:31:82:Infinity":2,"s:84:28:84:Infinity":3,"s:85:15:85:Infinity":4,"s:87:2:92:Infinity":5,"b:88:4:91:Infinity:undefined:undefined:undefined:undefined":1,"s:88:4:91:Infinity":6,"s:89:6:89:Infinity":7,"s:90:6:90:Infinity":8,"s:94:73:99:Infinity":9,"s:101:2:111:Infinity":10},"fnNames":{}}}
,"/Users/swapnilshrivastava/Projects/GameTime/src/engine/categories/verbalAnalogies.ts": {"path":"/Users/swapnilshrivastava/Projects/GameTime/src/engine/categories/verbalAnalogies.ts","statementMap":{"0":{"start":{"line":17,"column":46},"end":{"line":114,"column":null}},"1":{"start":{"line":117,"column":20},"end":{"line":117,"column":null}},"2":{"start":{"line":117,"column":51},"end":{"line":117,"column":74}},"3":{"start":{"line":118,"column":15},"end":{"line":118,"column":null}},"4":{"start":{"line":120,"column":31},"end":{"line":125,"column":null}},"5":{"start":{"line":127,"column":28},"end":{"line":127,"column":null}},"6":{"start":{"line":128,"column":15},"end":{"line":128,"column":null}},"7":{"start":{"line":130,"column":2},"end":{"line":135,"column":null}},"8":{"start":{"line":131,"column":4},"end":{"line":134,"column":null}},"9":{"start":{"line":132,"column":6},"end":{"line":132,"column":null}},"10":{"start":{"line":133,"column":6},"end":{"line":133,"column":null}},"11":{"start":{"line":137,"column":20},"end":{"line":137,"column":null}},"12":{"start":{"line":138,"column":14},"end":{"line":138,"column":null}},"13":{"start":{"line":139,"column":2},"end":{"line":145,"column":null}},"14":{"start":{"line":140,"column":4},"end":{"line":143,"column":null}},"15":{"start":{"line":141,"column":6},"end":{"line":141,"column":null}},"16":{"start":{"line":142,"column":6},"end":{"line":142,"column":null}},"17":{"start":{"line":144,"column":4},"end":{"line":144,"column":null}},"18":{"start":{"line":147,"column":2},"end":{"line":157,"column":null}}},"fnMap":{"0":{"name":"generateVerbalAnalogyPuzzle","decl":{"start":{"line":116,"column":16},"end":{"line":116,"column":44}},"loc":{"start":{"line":116,"column":131},"end":{"line":158,"column":null}},"line":116},"1":{"name":"(anonymous_1)","decl":{"start":{"line":117,"column":37},"end":{"line":117,"column":45}},"loc":{"start":{"line":117,"column":51},"end":{"line":117,"column":74}},"line":117}},"branchMap":{"0":{"loc":{"start":{"line":116,"column":91},"end":{"line":116,"column":131}},"type":"default-arg","locations":[{"start":{"line":116,"column":111},"end":{"line":116,"column":131}}],"line":116},"1":{"loc":{"start":{"line":118,"column":15},"end":{"line":118,"column":null}},"type":"cond-expr","locations":[{"start":{"line":118,"column":38},"end":{"line":118,"column":60}},{"start":{"line":118,"column":60},"end":{"line":118,"column":null}}],"line":118},"2":{"loc":{"start":{"line":131,"column":4},"end":{"line":134,"column":null}},"type":"if","locations":[{"start":{"line":131,"column":4},"end":{"line":134,"column":null}},{"start":{},"end":{}}],"line":131},"3":{"loc":{"start":{"line":139,"column":9},"end":{"line":139,"column":57}},"type":"binary-expr","locations":[{"start":{"line":139,"column":9},"end":{"line":139,"column":31}},{"start":{"line":139,"column":31},"end":{"line":139,"column":57}}],"line":139},"4":{"loc":{"start":{"line":140,"column":4},"end":{"line":143,"column":null}},"type":"if","locations":[{"start":{"line":140,"column":4},"end":{"line":143,"column":null}},{"start":{},"end":{}}],"line":140}},"s":{"0":2,"1":100,"2":800,"3":100,"4":100,"5":100,"6":100,"7":100,"8":400,"9":400,"10":400,"11":100,"12":100,"13":100,"14":0,"15":0,"16":0,"17":0,"18":100},"f":{"0":100,"1":800},"b":{"0":[100],"1":[100,0],"2":[400,0],"3":[100,0],"4":[0,0]},"meta":{"lastBranch":5,"lastFunction":2,"lastStatement":19,"seen":{"s:17:46:114:Infinity":0,"f:116:16:116:44":0,"b:116:111:116:131":0,"s:117:20:117:Infinity":1,"f:117:37:117:45":1,"s:117:51:117:74":2,"s:118:15:118:Infinity":3,"b:118:38:118:60:118:60:118:Infinity":1,"s:120:31:125:Infinity":4,"s:127:28:127:Infinity":5,"s:128:15:128:Infinity":6,"s:130:2:135:Infinity":7,"b:131:4:134:Infinity:undefined:undefined:undefined:undefined":2,"s:131:4:134:Infinity":8,"s:132:6:132:Infinity":9,"s:133:6:133:Infinity":10,"s:137:20:137:Infinity":11,"s:138:14:138:Infinity":12,"s:139:2:145:Infinity":13,"b:139:9:139:31:139:31:139:57":3,"b:140:4:143:Infinity:undefined:undefined:undefined:undefined":4,"s:140:4:143:Infinity":14,"s:141:6:141:Infinity":15,"s:142:6:142:Infinity":16,"s:144:4:144:Infinity":17,"s:147:2:157:Infinity":18},"fnNames":{}}}
}
